{"/Users/marioarnautou/Code/PernodRicard/DataPortal/dataengine-back/scripts/deploy/create-cname-records.ts": {"path":"/Users/marioarnautou/Code/PernodRicard/DataPortal/dataengine-back/scripts/deploy/create-cname-records.ts","statementMap":{"0":{"start":{"line":1,"column":0},"end":{"line":1,"column":50}},"1":{"start":{"line":2,"column":0},"end":{"line":2,"column":31}},"2":{"start":{"line":4,"column":0},"end":{"line":4,"column":31}},"3":{"start":{"line":5,"column":0},"end":{"line":5,"column":38}},"4":{"start":{"line":6,"column":0},"end":{"line":6,"column":28}},"5":{"start":{"line":7,"column":0},"end":{"line":7,"column":32}},"6":{"start":{"line":12,"column":19},"end":{"line":12,"column":44}},"7":{"start":{"line":15,"column":4},"end":{"line":15,"column":26}},"8":{"start":{"line":19,"column":4},"end":{"line":22,"column":null}},"9":{"start":{"line":20,"column":6},"end":{"line":20,"column":63}},"10":{"start":{"line":21,"column":6},"end":{"line":21,"column":13}},"11":{"start":{"line":23,"column":23},"end":{"line":23,"column":49}},"12":{"start":{"line":24,"column":4},"end":{"line":27,"column":null}},"13":{"start":{"line":25,"column":6},"end":{"line":25,"column":70}},"14":{"start":{"line":26,"column":6},"end":{"line":26,"column":38}},"15":{"start":{"line":28,"column":4},"end":{"line":28,"column":63}},"16":{"start":{"line":30,"column":4},"end":{"line":30,"column":47}},"17":{"start":{"line":32,"column":48},"end":{"line":32,"column":57}},"18":{"start":{"line":33,"column":31},"end":{"line":33,"column":33}},"19":{"start":{"line":35,"column":4},"end":{"line":77,"column":null}},"20":{"start":{"line":36,"column":22},"end":{"line":36,"column":67}},"21":{"start":{"line":37,"column":6},"end":{"line":40,"column":null}},"22":{"start":{"line":38,"column":20},"end":{"line":38,"column":64}},"23":{"start":{"line":39,"column":8},"end":{"line":39,"column":40}},"24":{"start":{"line":41,"column":6},"end":{"line":41,"column":31}},"25":{"start":{"line":42,"column":6},"end":{"line":42,"column":48}},"26":{"start":{"line":43,"column":22},"end":{"line":43,"column":56}},"27":{"start":{"line":44,"column":6},"end":{"line":49,"column":null}},"28":{"start":{"line":45,"column":23},"end":{"line":45,"column":91}},"29":{"start":{"line":46,"column":8},"end":{"line":48,"column":null}},"30":{"start":{"line":47,"column":10},"end":{"line":47,"column":32}},"31":{"start":{"line":51,"column":23},"end":{"line":51,"column":84}},"32":{"start":{"line":51,"column":60},"end":{"line":51,"column":84}},"33":{"start":{"line":52,"column":20},"end":{"line":52,"column":65}},"34":{"start":{"line":54,"column":6},"end":{"line":61,"column":null}},"35":{"start":{"line":55,"column":8},"end":{"line":60,"column":null}},"36":{"start":{"line":56,"column":10},"end":{"line":59,"column":null}},"37":{"start":{"line":57,"column":24},"end":{"line":57,"column":68}},"38":{"start":{"line":58,"column":12},"end":{"line":58,"column":63}},"39":{"start":{"line":62,"column":6},"end":{"line":62,"column":31}},"40":{"start":{"line":63,"column":6},"end":{"line":63,"column":48}},"41":{"start":{"line":64,"column":22},"end":{"line":64,"column":56}},"42":{"start":{"line":66,"column":6},"end":{"line":66,"column":48}},"43":{"start":{"line":67,"column":6},"end":{"line":76,"column":null}},"44":{"start":{"line":68,"column":8},"end":{"line":75,"column":null}},"45":{"start":{"line":69,"column":10},"end":{"line":74,"column":null}},"46":{"start":{"line":70,"column":27},"end":{"line":70,"column":114}},"47":{"start":{"line":71,"column":12},"end":{"line":73,"column":null}},"48":{"start":{"line":72,"column":14},"end":{"line":72,"column":36}},"49":{"start":{"line":78,"column":4},"end":{"line":78,"column":45}},"50":{"start":{"line":79,"column":4},"end":{"line":79,"column":54}},"51":{"start":{"line":80,"column":4},"end":{"line":85,"column":7}},"52":{"start":{"line":89,"column":24},"end":{"line":89,"column":52}},"53":{"start":{"line":90,"column":21},"end":{"line":90,"column":44}},"54":{"start":{"line":91,"column":4},"end":{"line":97,"column":null}},"55":{"start":{"line":92,"column":23},"end":{"line":92,"column":47}},"56":{"start":{"line":93,"column":6},"end":{"line":95,"column":null}},"57":{"start":{"line":93,"column":35},"end":{"line":93,"column":55}},"58":{"start":{"line":94,"column":8},"end":{"line":94,"column":62}},"59":{"start":{"line":94,"column":40},"end":{"line":94,"column":60}},"60":{"start":{"line":96,"column":6},"end":{"line":96,"column":23}},"61":{"start":{"line":98,"column":4},"end":{"line":98,"column":16}},"62":{"start":{"line":102,"column":28},"end":{"line":105,"column":6}},"63":{"start":{"line":106,"column":41},"end":{"line":106,"column":43}},"64":{"start":{"line":107,"column":4},"end":{"line":120,"column":49}},"65":{"start":{"line":108,"column":21},"end":{"line":114,"column":18}},"66":{"start":{"line":115,"column":6},"end":{"line":115,"column":49}},"67":{"start":{"line":116,"column":6},"end":{"line":119,"column":null}},"68":{"start":{"line":117,"column":8},"end":{"line":117,"column":48}},"69":{"start":{"line":118,"column":8},"end":{"line":118,"column":48}},"70":{"start":{"line":121,"column":4},"end":{"line":121,"column":19}},"71":{"start":{"line":125,"column":18},"end":{"line":125,"column":35}},"72":{"start":{"line":126,"column":21},"end":{"line":126,"column":49}},"73":{"start":{"line":127,"column":16},"end":{"line":127,"column":56}},"74":{"start":{"line":127,"column":37},"end":{"line":127,"column":55}},"75":{"start":{"line":128,"column":19},"end":{"line":128,"column":67}},"76":{"start":{"line":129,"column":20},"end":{"line":129,"column":69}},"77":{"start":{"line":130,"column":4},"end":{"line":132,"column":null}},"78":{"start":{"line":131,"column":6},"end":{"line":131,"column":55}},"79":{"start":{"line":133,"column":17},"end":{"line":133,"column":83}},"80":{"start":{"line":134,"column":4},"end":{"line":134,"column":24}},"81":{"start":{"line":138,"column":15},"end":{"line":138,"column":45}},"82":{"start":{"line":139,"column":24},"end":{"line":139,"column":58}},"83":{"start":{"line":140,"column":19},"end":{"line":144,"column":16}},"84":{"start":{"line":145,"column":20},"end":{"line":145,"column":44}},"85":{"start":{"line":146,"column":19},"end":{"line":146,"column":73}},"86":{"start":{"line":146,"column":39},"end":{"line":146,"column":72}},"87":{"start":{"line":147,"column":4},"end":{"line":149,"column":null}},"88":{"start":{"line":148,"column":6},"end":{"line":148,"column":70}},"89":{"start":{"line":150,"column":4},"end":{"line":150,"column":54}},"90":{"start":{"line":154,"column":4},"end":{"line":156,"column":null}},"91":{"start":{"line":155,"column":6},"end":{"line":155,"column":18}},"92":{"start":{"line":157,"column":4},"end":{"line":163,"column":6}},"93":{"start":{"line":159,"column":8},"end":{"line":162,"column":66}},"94":{"start":{"line":162,"column":39},"end":{"line":162,"column":65}},"95":{"start":{"line":167,"column":19},"end":{"line":167,"column":74}},"96":{"start":{"line":168,"column":4},"end":{"line":179,"column":10}},"97":{"start":{"line":183,"column":20},"end":{"line":183,"column":24}},"98":{"start":{"line":184,"column":38},"end":{"line":184,"column":40}},"99":{"start":{"line":185,"column":4},"end":{"line":193,"column":32}},"100":{"start":{"line":186,"column":46},"end":{"line":190,"column":18}},"101":{"start":{"line":191,"column":6},"end":{"line":191,"column":46}},"102":{"start":{"line":192,"column":6},"end":{"line":192,"column":36}},"103":{"start":{"line":194,"column":4},"end":{"line":194,"column":23}},"104":{"start":{"line":10,"column":0},"end":{"line":10,"column":13}}},"fnMap":{"0":{"name":"(anonymous_0)","decl":{"start":{"line":14,"column":2},"end":{"line":14,"column":14}},"loc":{"start":{"line":14,"column":28},"end":{"line":16,"column":3}}},"1":{"name":"(anonymous_1)","decl":{"start":{"line":18,"column":9},"end":{"line":18,"column":14}},"loc":{"start":{"line":18,"column":88},"end":{"line":86,"column":3}}},"2":{"name":"(anonymous_2)","decl":{"start":{"line":51,"column":23},"end":{"line":51,"column":24}},"loc":{"start":{"line":51,"column":60},"end":{"line":51,"column":84}}},"3":{"name":"(anonymous_3)","decl":{"start":{"line":88,"column":9},"end":{"line":88,"column":14}},"loc":{"start":{"line":88,"column":28},"end":{"line":99,"column":3}}},"4":{"name":"(anonymous_4)","decl":{"start":{"line":93,"column":27},"end":{"line":93,"column":28}},"loc":{"start":{"line":93,"column":35},"end":{"line":93,"column":55}}},"5":{"name":"(anonymous_5)","decl":{"start":{"line":94,"column":32},"end":{"line":94,"column":33}},"loc":{"start":{"line":94,"column":40},"end":{"line":94,"column":60}}},"6":{"name":"(anonymous_6)","decl":{"start":{"line":101,"column":9},"end":{"line":101,"column":14}},"loc":{"start":{"line":101,"column":41},"end":{"line":122,"column":3}}},"7":{"name":"(anonymous_7)","decl":{"start":{"line":124,"column":10},"end":{"line":124,"column":15}},"loc":{"start":{"line":124,"column":46},"end":{"line":135,"column":3}}},"8":{"name":"(anonymous_8)","decl":{"start":{"line":127,"column":30},"end":{"line":127,"column":31}},"loc":{"start":{"line":127,"column":37},"end":{"line":127,"column":55}}},"9":{"name":"(anonymous_9)","decl":{"start":{"line":137,"column":10},"end":{"line":137,"column":15}},"loc":{"start":{"line":137,"column":64},"end":{"line":151,"column":3}}},"10":{"name":"(anonymous_10)","decl":{"start":{"line":146,"column":32},"end":{"line":146,"column":33}},"loc":{"start":{"line":146,"column":39},"end":{"line":146,"column":72}}},"11":{"name":"(anonymous_11)","decl":{"start":{"line":153,"column":10},"end":{"line":153,"column":15}},"loc":{"start":{"line":153,"column":96},"end":{"line":164,"column":3}}},"12":{"name":"(anonymous_12)","decl":{"start":{"line":158,"column":6},"end":{"line":158,"column":7}},"loc":{"start":{"line":159,"column":8},"end":{"line":162,"column":66}}},"13":{"name":"(anonymous_13)","decl":{"start":{"line":162,"column":31},"end":{"line":162,"column":32}},"loc":{"start":{"line":162,"column":39},"end":{"line":162,"column":65}}},"14":{"name":"(anonymous_14)","decl":{"start":{"line":166,"column":10},"end":{"line":166,"column":15}},"loc":{"start":{"line":166,"column":96},"end":{"line":180,"column":3}}},"15":{"name":"(anonymous_15)","decl":{"start":{"line":182,"column":10},"end":{"line":182,"column":15}},"loc":{"start":{"line":182,"column":31},"end":{"line":195,"column":3}}}},"branchMap":{"0":{"loc":{"start":{"line":19,"column":4},"end":{"line":22,"column":null}},"type":"if","locations":[{"start":{"line":19,"column":4},"end":{"line":22,"column":null}},{"start":{"line":19,"column":4},"end":{"line":22,"column":null}}]},"1":{"loc":{"start":{"line":24,"column":4},"end":{"line":27,"column":null}},"type":"if","locations":[{"start":{"line":24,"column":4},"end":{"line":27,"column":null}},{"start":{"line":24,"column":4},"end":{"line":27,"column":null}}]},"2":{"loc":{"start":{"line":35,"column":4},"end":{"line":77,"column":null}},"type":"if","locations":[{"start":{"line":35,"column":4},"end":{"line":77,"column":null}},{"start":{"line":35,"column":4},"end":{"line":77,"column":null}}]},"3":{"loc":{"start":{"line":46,"column":8},"end":{"line":48,"column":null}},"type":"if","locations":[{"start":{"line":46,"column":8},"end":{"line":48,"column":null}},{"start":{"line":46,"column":8},"end":{"line":48,"column":null}}]},"4":{"loc":{"start":{"line":71,"column":12},"end":{"line":73,"column":null}},"type":"if","locations":[{"start":{"line":71,"column":12},"end":{"line":73,"column":null}},{"start":{"line":71,"column":12},"end":{"line":73,"column":null}}]},"5":{"loc":{"start":{"line":93,"column":6},"end":{"line":95,"column":null}},"type":"if","locations":[{"start":{"line":93,"column":6},"end":{"line":95,"column":null}},{"start":{"line":93,"column":6},"end":{"line":95,"column":null}}]},"6":{"loc":{"start":{"line":120,"column":13},"end":{"line":120,"column":28}},"type":"binary-expr","locations":[{"start":{"line":120,"column":13},"end":{"line":120,"column":28}},{"start":{"line":120,"column":32},"end":{"line":120,"column":47}}]},"7":{"loc":{"start":{"line":116,"column":6},"end":{"line":119,"column":null}},"type":"if","locations":[{"start":{"line":116,"column":6},"end":{"line":119,"column":null}},{"start":{"line":116,"column":6},"end":{"line":119,"column":null}}]},"8":{"loc":{"start":{"line":130,"column":4},"end":{"line":132,"column":null}},"type":"if","locations":[{"start":{"line":130,"column":4},"end":{"line":132,"column":null}},{"start":{"line":130,"column":4},"end":{"line":132,"column":null}}]},"9":{"loc":{"start":{"line":130,"column":8},"end":{"line":130,"column":16}},"type":"binary-expr","locations":[{"start":{"line":130,"column":8},"end":{"line":130,"column":16}},{"start":{"line":130,"column":20},"end":{"line":130,"column":27}}]},"10":{"loc":{"start":{"line":133,"column":67},"end":{"line":133,"column":73}},"type":"cond-expr","locations":[{"start":{"line":133,"column":67},"end":{"line":133,"column":73}},{"start":{"line":133,"column":76},"end":{"line":133,"column":81}}]},"11":{"loc":{"start":{"line":147,"column":4},"end":{"line":149,"column":null}},"type":"if","locations":[{"start":{"line":147,"column":4},"end":{"line":149,"column":null}},{"start":{"line":147,"column":4},"end":{"line":149,"column":null}}]},"12":{"loc":{"start":{"line":150,"column":28},"end":{"line":150,"column":46}},"type":"cond-expr","locations":[{"start":{"line":150,"column":28},"end":{"line":150,"column":46}},{"start":{"line":150,"column":49},"end":{"line":150,"column":53}}]},"13":{"loc":{"start":{"line":154,"column":4},"end":{"line":156,"column":null}},"type":"if","locations":[{"start":{"line":154,"column":4},"end":{"line":156,"column":null}},{"start":{"line":154,"column":4},"end":{"line":156,"column":null}}]},"14":{"loc":{"start":{"line":159,"column":8},"end":{"line":159,"column":26}},"type":"binary-expr","locations":[{"start":{"line":159,"column":8},"end":{"line":159,"column":26}},{"start":{"line":160,"column":8},"end":{"line":160,"column":31}},{"start":{"line":161,"column":8},"end":{"line":161,"column":27}},{"start":{"line":162,"column":8},"end":{"line":162,"column":66}}]},"15":{"loc":{"start":{"line":169,"column":8},"end":{"line":169,"column":12}},"type":"cond-expr","locations":[{"start":{"line":169,"column":8},"end":{"line":169,"column":12}},{"start":{"line":170,"column":8},"end":{"line":179,"column":10}}]}},"s":{"0":1,"1":1,"2":1,"3":1,"4":1,"5":1,"6":0,"7":0,"8":0,"9":0,"10":0,"11":0,"12":0,"13":0,"14":0,"15":0,"16":0,"17":0,"18":0,"19":0,"20":0,"21":0,"22":0,"23":0,"24":0,"25":0,"26":0,"27":0,"28":0,"29":0,"30":0,"31":0,"32":0,"33":0,"34":0,"35":0,"36":0,"37":0,"38":0,"39":0,"40":0,"41":0,"42":0,"43":0,"44":0,"45":0,"46":0,"47":0,"48":0,"49":0,"50":0,"51":0,"52":0,"53":0,"54":0,"55":0,"56":0,"57":0,"58":0,"59":0,"60":0,"61":0,"62":0,"63":0,"64":0,"65":0,"66":0,"67":0,"68":0,"69":0,"70":0,"71":0,"72":0,"73":0,"74":0,"75":0,"76":0,"77":0,"78":0,"79":0,"80":0,"81":0,"82":0,"83":0,"84":0,"85":0,"86":0,"87":0,"88":0,"89":0,"90":0,"91":0,"92":0,"93":0,"94":0,"95":0,"96":0,"97":0,"98":0,"99":0,"100":0,"101":0,"102":0,"103":0,"104":1},"f":{"0":0,"1":0,"2":0,"3":0,"4":0,"5":0,"6":0,"7":0,"8":0,"9":0,"10":0,"11":0,"12":0,"13":0,"14":0,"15":0},"b":{"0":[0,0],"1":[0,0],"2":[0,0],"3":[0,0],"4":[0,0],"5":[0,0],"6":[0,0],"7":[0,0],"8":[0,0],"9":[0,0],"10":[0,0],"11":[0,0],"12":[0,0],"13":[0,0],"14":[0,0,0,0],"15":[0,0]}}
,"/Users/marioarnautou/Code/PernodRicard/DataPortal/dataengine-back/scripts/deploy/generate-certificates.ts": {"path":"/Users/marioarnautou/Code/PernodRicard/DataPortal/dataengine-back/scripts/deploy/generate-certificates.ts","statementMap":{"0":{"start":{"line":1,"column":0},"end":{"line":1,"column":39}},"1":{"start":{"line":10,"column":0},"end":{"line":10,"column":56}},"2":{"start":{"line":17,"column":4},"end":{"line":17,"column":26}},"3":{"start":{"line":18,"column":4},"end":{"line":18,"column":28}},"4":{"start":{"line":22,"column":4},"end":{"line":25,"column":null}},"5":{"start":{"line":23,"column":6},"end":{"line":23,"column":63}},"6":{"start":{"line":24,"column":6},"end":{"line":24,"column":13}},"7":{"start":{"line":26,"column":4},"end":{"line":48,"column":null}},"8":{"start":{"line":27,"column":26},"end":{"line":27,"column":80}},"9":{"start":{"line":28,"column":6},"end":{"line":47,"column":null}},"10":{"start":{"line":29,"column":25},"end":{"line":29,"column":48}},"11":{"start":{"line":30,"column":8},"end":{"line":30,"column":25}},"12":{"start":{"line":31,"column":29},"end":{"line":31,"column":57}},"13":{"start":{"line":32,"column":8},"end":{"line":32,"column":79}},"14":{"start":{"line":33,"column":25},"end":{"line":33,"column":75}},"15":{"start":{"line":34,"column":8},"end":{"line":34,"column":69}},"16":{"start":{"line":35,"column":8},"end":{"line":35,"column":47}},"17":{"start":{"line":36,"column":8},"end":{"line":36,"column":72}},"18":{"start":{"line":38,"column":24},"end":{"line":38,"column":90}},"19":{"start":{"line":39,"column":8},"end":{"line":45,"column":null}},"20":{"start":{"line":40,"column":10},"end":{"line":43,"column":13}},"21":{"start":{"line":44,"column":10},"end":{"line":44,"column":50}},"22":{"start":{"line":46,"column":8},"end":{"line":46,"column":95}},"23":{"start":{"line":52,"column":16},"end":{"line":52,"column":35}},"24":{"start":{"line":53,"column":4},"end":{"line":57,"column":17}},"25":{"start":{"line":61,"column":25},"end":{"line":61,"column":60}},"26":{"start":{"line":63,"column":4},"end":{"line":65,"column":null}},"27":{"start":{"line":63,"column":33},"end":{"line":63,"column":56}},"28":{"start":{"line":64,"column":6},"end":{"line":64,"column":63}},"29":{"start":{"line":64,"column":38},"end":{"line":64,"column":61}},"30":{"start":{"line":67,"column":21},"end":{"line":67,"column":38}},"31":{"start":{"line":68,"column":4},"end":{"line":74,"column":null}},"32":{"start":{"line":69,"column":6},"end":{"line":69,"column":23}},"33":{"start":{"line":70,"column":23},"end":{"line":70,"column":51}},"34":{"start":{"line":71,"column":6},"end":{"line":73,"column":null}},"35":{"start":{"line":71,"column":35},"end":{"line":71,"column":60}},"36":{"start":{"line":72,"column":8},"end":{"line":72,"column":67}},"37":{"start":{"line":72,"column":40},"end":{"line":72,"column":65}},"38":{"start":{"line":75,"column":4},"end":{"line":75,"column":16}},"39":{"start":{"line":79,"column":16},"end":{"line":79,"column":35}},"40":{"start":{"line":80,"column":20},"end":{"line":80,"column":24}},"41":{"start":{"line":81,"column":47},"end":{"line":81,"column":49}},"42":{"start":{"line":82,"column":4},"end":{"line":90,"column":32}},"43":{"start":{"line":83,"column":47},"end":{"line":87,"column":18}},"44":{"start":{"line":88,"column":6},"end":{"line":88,"column":58}},"45":{"start":{"line":89,"column":6},"end":{"line":89,"column":35}},"46":{"start":{"line":91,"column":4},"end":{"line":91,"column":24}},"47":{"start":{"line":95,"column":16},"end":{"line":95,"column":35}},"48":{"start":{"line":96,"column":4},"end":{"line":101,"column":17}},"49":{"start":{"line":105,"column":20},"end":{"line":105,"column":63}},"50":{"start":{"line":106,"column":19},"end":{"line":106,"column":109}},"51":{"start":{"line":106,"column":76},"end":{"line":106,"column":93}},"52":{"start":{"line":107,"column":23},"end":{"line":107,"column":55}},"53":{"start":{"line":108,"column":23},"end":{"line":108,"column":55}},"54":{"start":{"line":109,"column":23},"end":{"line":114,"column":5}},"55":{"start":{"line":110,"column":6},"end":{"line":110,"column":93}},"56":{"start":{"line":111,"column":6},"end":{"line":111,"column":112}},"57":{"start":{"line":112,"column":6},"end":{"line":112,"column":28}},"58":{"start":{"line":113,"column":6},"end":{"line":113,"column":46}},"59":{"start":{"line":115,"column":4},"end":{"line":117,"column":null}},"60":{"start":{"line":116,"column":6},"end":{"line":116,"column":19}},"61":{"start":{"line":118,"column":4},"end":{"line":118,"column":58}},"62":{"start":{"line":119,"column":4},"end":{"line":124,"column":null}},"63":{"start":{"line":120,"column":6},"end":{"line":120,"column":60}},"64":{"start":{"line":121,"column":6},"end":{"line":121,"column":64}},"65":{"start":{"line":123,"column":6},"end":{"line":123,"column":19}},"66":{"start":{"line":125,"column":4},"end":{"line":125,"column":105}},"67":{"start":{"line":127,"column":4},"end":{"line":142,"column":7}},"68":{"start":{"line":128,"column":19},"end":{"line":133,"column":17}},"69":{"start":{"line":129,"column":24},"end":{"line":129,"column":67}},"70":{"start":{"line":130,"column":8},"end":{"line":132,"column":null}},"71":{"start":{"line":131,"column":10},"end":{"line":131,"column":27}},"72":{"start":{"line":135,"column":29},"end":{"line":135,"column":43}},"73":{"start":{"line":136,"column":6},"end":{"line":141,"column":25}},"74":{"start":{"line":137,"column":8},"end":{"line":137,"column":28}},"75":{"start":{"line":138,"column":8},"end":{"line":138,"column":74}},"76":{"start":{"line":139,"column":8},"end":{"line":139,"column":98}},"77":{"start":{"line":140,"column":8},"end":{"line":140,"column":57}},"78":{"start":{"line":146,"column":20},"end":{"line":146,"column":33}},"79":{"start":{"line":147,"column":4},"end":{"line":163,"column":17}},"80":{"start":{"line":12,"column":0},"end":{"line":12,"column":13}}},"fnMap":{"0":{"name":"(anonymous_0)","decl":{"start":{"line":16,"column":2},"end":{"line":16,"column":14}},"loc":{"start":{"line":16,"column":47},"end":{"line":19,"column":3}}},"1":{"name":"(anonymous_1)","decl":{"start":{"line":21,"column":9},"end":{"line":21,"column":14}},"loc":{"start":{"line":21,"column":34},"end":{"line":49,"column":3}}},"2":{"name":"(anonymous_2)","decl":{"start":{"line":51,"column":9},"end":{"line":51,"column":14}},"loc":{"start":{"line":51,"column":62},"end":{"line":58,"column":3}}},"3":{"name":"(anonymous_3)","decl":{"start":{"line":60,"column":9},"end":{"line":60,"column":14}},"loc":{"start":{"line":60,"column":67},"end":{"line":76,"column":3}}},"4":{"name":"(anonymous_4)","decl":{"start":{"line":63,"column":26},"end":{"line":63,"column":27}},"loc":{"start":{"line":63,"column":33},"end":{"line":63,"column":56}}},"5":{"name":"(anonymous_5)","decl":{"start":{"line":64,"column":31},"end":{"line":64,"column":32}},"loc":{"start":{"line":64,"column":38},"end":{"line":64,"column":61}}},"6":{"name":"(anonymous_6)","decl":{"start":{"line":71,"column":28},"end":{"line":71,"column":29}},"loc":{"start":{"line":71,"column":35},"end":{"line":71,"column":60}}},"7":{"name":"(anonymous_7)","decl":{"start":{"line":72,"column":33},"end":{"line":72,"column":34}},"loc":{"start":{"line":72,"column":40},"end":{"line":72,"column":65}}},"8":{"name":"(anonymous_8)","decl":{"start":{"line":78,"column":9},"end":{"line":78,"column":14}},"loc":{"start":{"line":78,"column":46},"end":{"line":92,"column":3}}},"9":{"name":"(anonymous_9)","decl":{"start":{"line":94,"column":9},"end":{"line":94,"column":14}},"loc":{"start":{"line":94,"column":69},"end":{"line":102,"column":3}}},"10":{"name":"(anonymous_10)","decl":{"start":{"line":104,"column":9},"end":{"line":104,"column":14}},"loc":{"start":{"line":104,"column":79},"end":{"line":143,"column":3}}},"11":{"name":"(anonymous_11)","decl":{"start":{"line":106,"column":68},"end":{"line":106,"column":69}},"loc":{"start":{"line":106,"column":76},"end":{"line":106,"column":93}}},"12":{"name":"(anonymous_12)","decl":{"start":{"line":109,"column":23},"end":{"line":109,"column":26}},"loc":{"start":{"line":109,"column":28},"end":{"line":114,"column":5}}},"13":{"name":"(anonymous_13)","decl":{"start":{"line":127,"column":29},"end":{"line":127,"column":30}},"loc":{"start":{"line":127,"column":49},"end":{"line":142,"column":5}}},"14":{"name":"(anonymous_14)","decl":{"start":{"line":128,"column":31},"end":{"line":128,"column":36}},"loc":{"start":{"line":128,"column":42},"end":{"line":133,"column":7}}},"15":{"name":"(anonymous_15)","decl":{"start":{"line":136,"column":17},"end":{"line":136,"column":20}},"loc":{"start":{"line":136,"column":22},"end":{"line":141,"column":7}}},"16":{"name":"(anonymous_16)","decl":{"start":{"line":145,"column":9},"end":{"line":145,"column":14}},"loc":{"start":{"line":145,"column":84},"end":{"line":164,"column":3}}}},"branchMap":{"0":{"loc":{"start":{"line":22,"column":4},"end":{"line":25,"column":null}},"type":"if","locations":[{"start":{"line":22,"column":4},"end":{"line":25,"column":null}},{"start":{"line":22,"column":4},"end":{"line":25,"column":null}}]},"1":{"loc":{"start":{"line":28,"column":6},"end":{"line":47,"column":null}},"type":"if","locations":[{"start":{"line":28,"column":6},"end":{"line":47,"column":null}},{"start":{"line":28,"column":6},"end":{"line":47,"column":null}}]},"2":{"loc":{"start":{"line":39,"column":8},"end":{"line":45,"column":null}},"type":"if","locations":[{"start":{"line":39,"column":8},"end":{"line":45,"column":null}},{"start":{"line":39,"column":8},"end":{"line":45,"column":null}}]},"3":{"loc":{"start":{"line":63,"column":4},"end":{"line":65,"column":null}},"type":"if","locations":[{"start":{"line":63,"column":4},"end":{"line":65,"column":null}},{"start":{"line":63,"column":4},"end":{"line":65,"column":null}}]},"4":{"loc":{"start":{"line":71,"column":6},"end":{"line":73,"column":null}},"type":"if","locations":[{"start":{"line":71,"column":6},"end":{"line":73,"column":null}},{"start":{"line":71,"column":6},"end":{"line":73,"column":null}}]},"5":{"loc":{"start":{"line":104,"column":74},"end":{"line":104,"column":79}},"type":"default-arg","locations":[{"start":{"line":104,"column":74},"end":{"line":104,"column":79}}]},"6":{"loc":{"start":{"line":115,"column":4},"end":{"line":117,"column":null}},"type":"if","locations":[{"start":{"line":115,"column":4},"end":{"line":117,"column":null}},{"start":{"line":115,"column":4},"end":{"line":117,"column":null}}]},"7":{"loc":{"start":{"line":130,"column":8},"end":{"line":132,"column":null}},"type":"if","locations":[{"start":{"line":130,"column":8},"end":{"line":132,"column":null}},{"start":{"line":130,"column":8},"end":{"line":132,"column":null}}]}},"s":{"0":1,"1":1,"2":1,"3":1,"4":0,"5":0,"6":0,"7":0,"8":0,"9":0,"10":0,"11":0,"12":0,"13":0,"14":0,"15":0,"16":0,"17":0,"18":0,"19":0,"20":0,"21":0,"22":0,"23":0,"24":0,"25":7,"26":7,"27":8,"28":2,"29":2,"30":5,"31":5,"32":8,"33":8,"34":8,"35":7,"36":2,"37":2,"38":3,"39":0,"40":0,"41":0,"42":0,"43":0,"44":0,"45":0,"46":0,"47":0,"48":0,"49":0,"50":0,"51":0,"52":0,"53":0,"54":0,"55":0,"56":0,"57":0,"58":0,"59":0,"60":0,"61":0,"62":0,"63":0,"64":0,"65":0,"66":0,"67":0,"68":0,"69":0,"70":0,"71":0,"72":0,"73":0,"74":0,"75":0,"76":0,"77":0,"78":0,"79":0,"80":1},"f":{"0":1,"1":0,"2":0,"3":7,"4":8,"5":2,"6":7,"7":2,"8":0,"9":0,"10":0,"11":0,"12":0,"13":0,"14":0,"15":0,"16":0},"b":{"0":[0,0],"1":[0,0],"2":[0,0],"3":[2,5],"4":[2,6],"5":[0],"6":[0,0],"7":[0,0]}}
,"/Users/marioarnautou/Code/PernodRicard/DataPortal/dataengine-back/scripts/deploy/lerna.ts": {"path":"/Users/marioarnautou/Code/PernodRicard/DataPortal/dataengine-back/scripts/deploy/lerna.ts","statementMap":{"0":{"start":{"line":1,"column":0},"end":{"line":1,"column":38}},"1":{"start":{"line":2,"column":0},"end":{"line":2,"column":38}},"2":{"start":{"line":3,"column":0},"end":{"line":3,"column":28}},"3":{"start":{"line":16,"column":4},"end":{"line":18,"column":null}},"4":{"start":{"line":17,"column":6},"end":{"line":17,"column":28}},"5":{"start":{"line":19,"column":4},"end":{"line":29,"column":7}},"6":{"start":{"line":20,"column":22},"end":{"line":22,"column":8}},"7":{"start":{"line":23,"column":31},"end":{"line":23,"column":33}},"8":{"start":{"line":24,"column":6},"end":{"line":24,"column":61}},"9":{"start":{"line":24,"column":42},"end":{"line":24,"column":59}},"10":{"start":{"line":25,"column":6},"end":{"line":28,"column":9}},"11":{"start":{"line":26,"column":8},"end":{"line":26,"column":76}},"12":{"start":{"line":27,"column":8},"end":{"line":27,"column":32}},"13":{"start":{"line":33,"column":21},"end":{"line":33,"column":51}},"14":{"start":{"line":34,"column":4},"end":{"line":38,"column":7}},"15":{"start":{"line":35,"column":21},"end":{"line":35,"column":67}},"16":{"start":{"line":36,"column":22},"end":{"line":36,"column":69}},"17":{"start":{"line":37,"column":6},"end":{"line":37,"column":31}},"18":{"start":{"line":12,"column":0},"end":{"line":12,"column":13}}},"fnMap":{"0":{"name":"(anonymous_0)","decl":{"start":{"line":15,"column":9},"end":{"line":15,"column":14}},"loc":{"start":{"line":15,"column":42},"end":{"line":30,"column":3}}},"1":{"name":"(anonymous_1)","decl":{"start":{"line":19,"column":28},"end":{"line":19,"column":29}},"loc":{"start":{"line":19,"column":40},"end":{"line":29,"column":5}}},"2":{"name":"(anonymous_2)","decl":{"start":{"line":24,"column":32},"end":{"line":24,"column":33}},"loc":{"start":{"line":24,"column":42},"end":{"line":24,"column":59}}},"3":{"name":"(anonymous_3)","decl":{"start":{"line":25,"column":26},"end":{"line":25,"column":29}},"loc":{"start":{"line":25,"column":31},"end":{"line":28,"column":7}}},"4":{"name":"(anonymous_4)","decl":{"start":{"line":32,"column":9},"end":{"line":32,"column":14}},"loc":{"start":{"line":32,"column":39},"end":{"line":39,"column":3}}},"5":{"name":"(anonymous_5)","decl":{"start":{"line":34,"column":27},"end":{"line":34,"column":28}},"loc":{"start":{"line":34,"column":33},"end":{"line":38,"column":5}}}},"branchMap":{"0":{"loc":{"start":{"line":16,"column":4},"end":{"line":18,"column":null}},"type":"if","locations":[{"start":{"line":16,"column":4},"end":{"line":18,"column":null}},{"start":{"line":16,"column":4},"end":{"line":18,"column":null}}]},"1":{"loc":{"start":{"line":37,"column":13},"end":{"line":37,"column":19}},"type":"binary-expr","locations":[{"start":{"line":37,"column":13},"end":{"line":37,"column":19}},{"start":{"line":37,"column":23},"end":{"line":37,"column":30}}]}},"s":{"0":2,"1":2,"2":2,"3":0,"4":0,"5":0,"6":0,"7":0,"8":0,"9":0,"10":0,"11":0,"12":0,"13":0,"14":0,"15":0,"16":0,"17":0,"18":2},"f":{"0":0,"1":0,"2":0,"3":0,"4":0,"5":0},"b":{"0":[0,0],"1":[0,0]}}
,"/Users/marioarnautou/Code/PernodRicard/DataPortal/dataengine-back/scripts/deploy/read-config.ts": {"path":"/Users/marioarnautou/Code/PernodRicard/DataPortal/dataengine-back/scripts/deploy/read-config.ts","statementMap":{"0":{"start":{"line":1,"column":0},"end":{"line":1,"column":52}},"1":{"start":{"line":2,"column":0},"end":{"line":2,"column":28}},"2":{"start":{"line":3,"column":0},"end":{"line":3,"column":28}},"3":{"start":{"line":4,"column":0},"end":{"line":4,"column":53}},"4":{"start":{"line":61,"column":4},"end":{"line":74,"column":null}},"5":{"start":{"line":62,"column":6},"end":{"line":62,"column":38}},"6":{"start":{"line":63,"column":25},"end":{"line":63,"column":65}},"7":{"start":{"line":64,"column":6},"end":{"line":67,"column":null}},"8":{"start":{"line":65,"column":8},"end":{"line":65,"column":26}},"9":{"start":{"line":66,"column":8},"end":{"line":66,"column":18}},"10":{"start":{"line":68,"column":26},"end":{"line":68,"column":50}},"11":{"start":{"line":69,"column":31},"end":{"line":69,"column":60}},"12":{"start":{"line":70,"column":6},"end":{"line":72,"column":null}},"13":{"start":{"line":71,"column":8},"end":{"line":71,"column":20}},"14":{"start":{"line":73,"column":6},"end":{"line":73,"column":27}},"15":{"start":{"line":75,"column":4},"end":{"line":75,"column":24}},"16":{"start":{"line":79,"column":4},"end":{"line":79,"column":45}},"17":{"start":{"line":80,"column":4},"end":{"line":82,"column":63}},"18":{"start":{"line":81,"column":21},"end":{"line":81,"column":48}},"19":{"start":{"line":82,"column":22},"end":{"line":82,"column":61}},"20":{"start":{"line":83,"column":4},"end":{"line":88,"column":null}},"21":{"start":{"line":84,"column":6},"end":{"line":84,"column":56}},"22":{"start":{"line":85,"column":6},"end":{"line":85,"column":43}},"23":{"start":{"line":86,"column":6},"end":{"line":86,"column":56}},"24":{"start":{"line":87,"column":6},"end":{"line":87,"column":48}},"25":{"start":{"line":89,"column":19},"end":{"line":89,"column":42}},"26":{"start":{"line":90,"column":4},"end":{"line":93,"column":null}},"27":{"start":{"line":91,"column":6},"end":{"line":91,"column":51}},"28":{"start":{"line":92,"column":6},"end":{"line":92,"column":18}},"29":{"start":{"line":94,"column":4},"end":{"line":99,"column":null}},"30":{"start":{"line":95,"column":6},"end":{"line":95,"column":66}},"31":{"start":{"line":96,"column":21},"end":{"line":96,"column":56}},"32":{"start":{"line":97,"column":6},"end":{"line":97,"column":56}},"33":{"start":{"line":98,"column":6},"end":{"line":98,"column":36}},"34":{"start":{"line":100,"column":4},"end":{"line":100,"column":64}},"35":{"start":{"line":101,"column":4},"end":{"line":101,"column":75}},"36":{"start":{"line":102,"column":4},"end":{"line":102,"column":30}},"37":{"start":{"line":103,"column":4},"end":{"line":103,"column":70}},"38":{"start":{"line":107,"column":4},"end":{"line":107,"column":59}},"39":{"start":{"line":108,"column":19},"end":{"line":108,"column":42}},"40":{"start":{"line":109,"column":25},"end":{"line":114,"column":5}},"41":{"start":{"line":110,"column":6},"end":{"line":112,"column":null}},"42":{"start":{"line":111,"column":8},"end":{"line":111,"column":22}},"43":{"start":{"line":113,"column":6},"end":{"line":113,"column":22}},"44":{"start":{"line":115,"column":22},"end":{"line":123,"column":5}},"45":{"start":{"line":116,"column":6},"end":{"line":118,"column":null}},"46":{"start":{"line":117,"column":8},"end":{"line":117,"column":36}},"47":{"start":{"line":119,"column":6},"end":{"line":121,"column":null}},"48":{"start":{"line":120,"column":8},"end":{"line":120,"column":43}},"49":{"start":{"line":122,"column":6},"end":{"line":122,"column":18}},"50":{"start":{"line":124,"column":4},"end":{"line":131,"column":null}},"51":{"start":{"line":125,"column":6},"end":{"line":125,"column":83}},"52":{"start":{"line":126,"column":22},"end":{"line":126,"column":56}},"53":{"start":{"line":127,"column":6},"end":{"line":127,"column":53}},"54":{"start":{"line":128,"column":6},"end":{"line":130,"column":null}},"55":{"start":{"line":129,"column":8},"end":{"line":129,"column":23}},"56":{"start":{"line":132,"column":4},"end":{"line":139,"column":null}},"57":{"start":{"line":133,"column":6},"end":{"line":133,"column":74}},"58":{"start":{"line":134,"column":22},"end":{"line":134,"column":54}},"59":{"start":{"line":135,"column":6},"end":{"line":135,"column":53}},"60":{"start":{"line":136,"column":6},"end":{"line":138,"column":null}},"61":{"start":{"line":137,"column":8},"end":{"line":137,"column":23}},"62":{"start":{"line":140,"column":4},"end":{"line":140,"column":79}},"63":{"start":{"line":141,"column":4},"end":{"line":143,"column":null}},"64":{"start":{"line":142,"column":6},"end":{"line":142,"column":38}},"65":{"start":{"line":144,"column":4},"end":{"line":144,"column":68}},"66":{"start":{"line":148,"column":4},"end":{"line":148,"column":67}},"67":{"start":{"line":149,"column":36},"end":{"line":149,"column":45}},"68":{"start":{"line":150,"column":21},"end":{"line":150,"column":58}},"69":{"start":{"line":151,"column":4},"end":{"line":155,"column":null}},"70":{"start":{"line":152,"column":6},"end":{"line":154,"column":null}},"71":{"start":{"line":153,"column":8},"end":{"line":153,"column":31}},"72":{"start":{"line":156,"column":4},"end":{"line":156,"column":50}},"73":{"start":{"line":157,"column":4},"end":{"line":157,"column":27}},"74":{"start":{"line":161,"column":4},"end":{"line":161,"column":59}},"75":{"start":{"line":162,"column":18},"end":{"line":162,"column":49}},"76":{"start":{"line":163,"column":4},"end":{"line":163,"column":39}},"77":{"start":{"line":164,"column":21},"end":{"line":179,"column":5}},"78":{"start":{"line":165,"column":25},"end":{"line":165,"column":34}},"79":{"start":{"line":166,"column":6},"end":{"line":177,"column":8}},"80":{"start":{"line":168,"column":26},"end":{"line":168,"column":57}},"81":{"start":{"line":169,"column":10},"end":{"line":175,"column":13}},"82":{"start":{"line":170,"column":12},"end":{"line":174,"column":null}},"83":{"start":{"line":171,"column":14},"end":{"line":171,"column":33}},"84":{"start":{"line":173,"column":14},"end":{"line":173,"column":40}},"85":{"start":{"line":178,"column":6},"end":{"line":178,"column":18}},"86":{"start":{"line":180,"column":4},"end":{"line":184,"column":null}},"87":{"start":{"line":181,"column":6},"end":{"line":181,"column":112}},"88":{"start":{"line":181,"column":102},"end":{"line":181,"column":108}},"89":{"start":{"line":182,"column":19},"end":{"line":182,"column":68}},"90":{"start":{"line":182,"column":60},"end":{"line":182,"column":66}},"91":{"start":{"line":183,"column":6},"end":{"line":183,"column":20}},"92":{"start":{"line":185,"column":31},"end":{"line":185,"column":33}},"93":{"start":{"line":186,"column":4},"end":{"line":199,"column":null}},"94":{"start":{"line":187,"column":6},"end":{"line":187,"column":40}},"95":{"start":{"line":189,"column":6},"end":{"line":196,"column":null}},"96":{"start":{"line":190,"column":8},"end":{"line":192,"column":104}},"97":{"start":{"line":191,"column":22},"end":{"line":191,"column":28}},"98":{"start":{"line":192,"column":25},"end":{"line":192,"column":102}},"99":{"start":{"line":192,"column":49},"end":{"line":192,"column":68}},"100":{"start":{"line":192,"column":85},"end":{"line":192,"column":101}},"101":{"start":{"line":193,"column":8},"end":{"line":193,"column":79}},"102":{"start":{"line":195,"column":8},"end":{"line":195,"column":26}},"103":{"start":{"line":197,"column":24},"end":{"line":197,"column":50}},"104":{"start":{"line":198,"column":6},"end":{"line":198,"column":33}},"105":{"start":{"line":200,"column":4},"end":{"line":200,"column":49}},"106":{"start":{"line":201,"column":4},"end":{"line":201,"column":22}},"107":{"start":{"line":205,"column":18},"end":{"line":205,"column":35}},"108":{"start":{"line":206,"column":4},"end":{"line":206,"column":47}},"109":{"start":{"line":210,"column":4},"end":{"line":210,"column":37}},"110":{"start":{"line":211,"column":21},"end":{"line":211,"column":77}},"111":{"start":{"line":211,"column":69},"end":{"line":211,"column":75}},"112":{"start":{"line":212,"column":25},"end":{"line":222,"column":6}},"113":{"start":{"line":223,"column":4},"end":{"line":235,"column":7}},"114":{"start":{"line":31,"column":0},"end":{"line":31,"column":13}},"115":{"start":{"line":32,"column":16},"end":{"line":54,"column":4}}},"fnMap":{"0":{"name":"(anonymous_1)","decl":{"start":{"line":60,"column":9},"end":{"line":60,"column":14}},"loc":{"start":{"line":60,"column":25},"end":{"line":76,"column":3}}},"1":{"name":"(anonymous_2)","decl":{"start":{"line":78,"column":9},"end":{"line":78,"column":14}},"loc":{"start":{"line":78,"column":38},"end":{"line":104,"column":3}}},"2":{"name":"(anonymous_3)","decl":{"start":{"line":81,"column":14},"end":{"line":81,"column":15}},"loc":{"start":{"line":81,"column":21},"end":{"line":81,"column":48}}},"3":{"name":"(anonymous_4)","decl":{"start":{"line":82,"column":15},"end":{"line":82,"column":16}},"loc":{"start":{"line":82,"column":22},"end":{"line":82,"column":61}}},"4":{"name":"(anonymous_5)","decl":{"start":{"line":106,"column":9},"end":{"line":106,"column":14}},"loc":{"start":{"line":106,"column":56},"end":{"line":145,"column":3}}},"5":{"name":"(anonymous_6)","decl":{"start":{"line":109,"column":25},"end":{"line":109,"column":26}},"loc":{"start":{"line":109,"column":65},"end":{"line":114,"column":5}}},"6":{"name":"(anonymous_7)","decl":{"start":{"line":115,"column":22},"end":{"line":115,"column":23}},"loc":{"start":{"line":115,"column":57},"end":{"line":123,"column":5}}},"7":{"name":"(anonymous_8)","decl":{"start":{"line":147,"column":9},"end":{"line":147,"column":14}},"loc":{"start":{"line":147,"column":42},"end":{"line":158,"column":3}}},"8":{"name":"(anonymous_9)","decl":{"start":{"line":160,"column":9},"end":{"line":160,"column":14}},"loc":{"start":{"line":160,"column":48},"end":{"line":202,"column":3}}},"9":{"name":"(anonymous_10)","decl":{"start":{"line":164,"column":21},"end":{"line":164,"column":26}},"loc":{"start":{"line":164,"column":65},"end":{"line":179,"column":5}}},"10":{"name":"(anonymous_11)","decl":{"start":{"line":167,"column":21},"end":{"line":167,"column":26}},"loc":{"start":{"line":167,"column":33},"end":{"line":176,"column":9}}},"11":{"name":"(anonymous_12)","decl":{"start":{"line":169,"column":26},"end":{"line":169,"column":27}},"loc":{"start":{"line":169,"column":32},"end":{"line":175,"column":11}}},"12":{"name":"(anonymous_13)","decl":{"start":{"line":181,"column":95},"end":{"line":181,"column":96}},"loc":{"start":{"line":181,"column":102},"end":{"line":181,"column":108}}},"13":{"name":"(anonymous_14)","decl":{"start":{"line":182,"column":53},"end":{"line":182,"column":54}},"loc":{"start":{"line":182,"column":60},"end":{"line":182,"column":66}}},"14":{"name":"(anonymous_15)","decl":{"start":{"line":191,"column":15},"end":{"line":191,"column":16}},"loc":{"start":{"line":191,"column":22},"end":{"line":191,"column":28}}},"15":{"name":"(anonymous_16)","decl":{"start":{"line":192,"column":18},"end":{"line":192,"column":19}},"loc":{"start":{"line":192,"column":25},"end":{"line":192,"column":102}}},"16":{"name":"(anonymous_17)","decl":{"start":{"line":192,"column":39},"end":{"line":192,"column":40}},"loc":{"start":{"line":192,"column":49},"end":{"line":192,"column":68}}},"17":{"name":"(anonymous_18)","decl":{"start":{"line":192,"column":75},"end":{"line":192,"column":76}},"loc":{"start":{"line":192,"column":85},"end":{"line":192,"column":101}}},"18":{"name":"(anonymous_19)","decl":{"start":{"line":204,"column":10},"end":{"line":204,"column":15}},"loc":{"start":{"line":204,"column":35},"end":{"line":207,"column":3}}},"19":{"name":"(anonymous_20)","decl":{"start":{"line":209,"column":10},"end":{"line":209,"column":15}},"loc":{"start":{"line":209,"column":34},"end":{"line":236,"column":3}}},"20":{"name":"(anonymous_21)","decl":{"start":{"line":211,"column":62},"end":{"line":211,"column":63}},"loc":{"start":{"line":211,"column":69},"end":{"line":211,"column":75}}}},"branchMap":{"0":{"loc":{"start":{"line":61,"column":4},"end":{"line":74,"column":null}},"type":"if","locations":[{"start":{"line":61,"column":4},"end":{"line":74,"column":null}},{"start":{"line":61,"column":4},"end":{"line":74,"column":null}}]},"1":{"loc":{"start":{"line":64,"column":6},"end":{"line":67,"column":null}},"type":"if","locations":[{"start":{"line":64,"column":6},"end":{"line":67,"column":null}},{"start":{"line":64,"column":6},"end":{"line":67,"column":null}}]},"2":{"loc":{"start":{"line":70,"column":6},"end":{"line":72,"column":null}},"type":"if","locations":[{"start":{"line":70,"column":6},"end":{"line":72,"column":null}},{"start":{"line":70,"column":6},"end":{"line":72,"column":null}}]},"3":{"loc":{"start":{"line":83,"column":4},"end":{"line":88,"column":null}},"type":"if","locations":[{"start":{"line":83,"column":4},"end":{"line":88,"column":null}},{"start":{"line":83,"column":4},"end":{"line":88,"column":null}}]},"4":{"loc":{"start":{"line":90,"column":4},"end":{"line":93,"column":null}},"type":"if","locations":[{"start":{"line":90,"column":4},"end":{"line":93,"column":null}},{"start":{"line":90,"column":4},"end":{"line":93,"column":null}}]},"5":{"loc":{"start":{"line":94,"column":4},"end":{"line":99,"column":null}},"type":"if","locations":[{"start":{"line":94,"column":4},"end":{"line":99,"column":null}},{"start":{"line":94,"column":4},"end":{"line":99,"column":null}}]},"6":{"loc":{"start":{"line":96,"column":40},"end":{"line":96,"column":51}},"type":"cond-expr","locations":[{"start":{"line":96,"column":40},"end":{"line":96,"column":51}},{"start":{"line":96,"column":54},"end":{"line":96,"column":56}}]},"7":{"loc":{"start":{"line":103,"column":42},"end":{"line":103,"column":62}},"type":"cond-expr","locations":[{"start":{"line":103,"column":42},"end":{"line":103,"column":62}},{"start":{"line":103,"column":65},"end":{"line":103,"column":69}}]},"8":{"loc":{"start":{"line":110,"column":6},"end":{"line":112,"column":null}},"type":"if","locations":[{"start":{"line":110,"column":6},"end":{"line":112,"column":null}},{"start":{"line":110,"column":6},"end":{"line":112,"column":null}}]},"9":{"loc":{"start":{"line":116,"column":6},"end":{"line":118,"column":null}},"type":"if","locations":[{"start":{"line":116,"column":6},"end":{"line":118,"column":null}},{"start":{"line":116,"column":6},"end":{"line":118,"column":null}}]},"10":{"loc":{"start":{"line":116,"column":10},"end":{"line":116,"column":36}},"type":"binary-expr","locations":[{"start":{"line":116,"column":10},"end":{"line":116,"column":36}},{"start":{"line":116,"column":40},"end":{"line":116,"column":61}}]},"11":{"loc":{"start":{"line":119,"column":6},"end":{"line":121,"column":null}},"type":"if","locations":[{"start":{"line":119,"column":6},"end":{"line":121,"column":null}},{"start":{"line":119,"column":6},"end":{"line":121,"column":null}}]},"12":{"loc":{"start":{"line":124,"column":4},"end":{"line":131,"column":null}},"type":"if","locations":[{"start":{"line":124,"column":4},"end":{"line":131,"column":null}},{"start":{"line":124,"column":4},"end":{"line":131,"column":null}}]},"13":{"loc":{"start":{"line":124,"column":8},"end":{"line":124,"column":22}},"type":"binary-expr","locations":[{"start":{"line":124,"column":8},"end":{"line":124,"column":22}},{"start":{"line":124,"column":26},"end":{"line":124,"column":49}}]},"14":{"loc":{"start":{"line":128,"column":6},"end":{"line":130,"column":null}},"type":"if","locations":[{"start":{"line":128,"column":6},"end":{"line":130,"column":null}},{"start":{"line":128,"column":6},"end":{"line":130,"column":null}}]},"15":{"loc":{"start":{"line":132,"column":4},"end":{"line":139,"column":null}},"type":"if","locations":[{"start":{"line":132,"column":4},"end":{"line":139,"column":null}},{"start":{"line":132,"column":4},"end":{"line":139,"column":null}}]},"16":{"loc":{"start":{"line":136,"column":6},"end":{"line":138,"column":null}},"type":"if","locations":[{"start":{"line":136,"column":6},"end":{"line":138,"column":null}},{"start":{"line":136,"column":6},"end":{"line":138,"column":null}}]},"17":{"loc":{"start":{"line":141,"column":4},"end":{"line":143,"column":null}},"type":"if","locations":[{"start":{"line":141,"column":4},"end":{"line":143,"column":null}},{"start":{"line":141,"column":4},"end":{"line":143,"column":null}}]},"18":{"loc":{"start":{"line":170,"column":12},"end":{"line":174,"column":null}},"type":"if","locations":[{"start":{"line":170,"column":12},"end":{"line":174,"column":null}},{"start":{"line":170,"column":12},"end":{"line":174,"column":null}}]},"19":{"loc":{"start":{"line":180,"column":4},"end":{"line":184,"column":null}},"type":"if","locations":[{"start":{"line":180,"column":4},"end":{"line":184,"column":null}},{"start":{"line":180,"column":4},"end":{"line":184,"column":null}}]},"20":{"loc":{"start":{"line":189,"column":6},"end":{"line":196,"column":null}},"type":"if","locations":[{"start":{"line":189,"column":6},"end":{"line":196,"column":null}},{"start":{"line":189,"column":6},"end":{"line":196,"column":null}}]}},"s":{"0":1,"1":1,"2":1,"3":1,"4":84,"5":42,"6":42,"7":42,"8":5,"9":5,"10":37,"11":37,"12":37,"13":3,"14":34,"15":76,"16":6,"17":6,"18":211,"19":1,"20":6,"21":1,"22":1,"23":1,"24":1,"25":5,"26":5,"27":1,"28":1,"29":4,"30":2,"31":2,"32":2,"33":2,"34":2,"35":2,"36":2,"37":2,"38":58,"39":58,"40":58,"41":35,"42":32,"43":3,"44":58,"45":46,"46":13,"47":33,"48":22,"49":11,"50":58,"51":25,"52":25,"53":25,"54":25,"55":18,"56":40,"57":21,"58":21,"59":21,"60":21,"61":17,"62":23,"63":23,"64":19,"65":4,"66":3,"67":3,"68":3,"69":3,"70":3,"71":10,"72":3,"73":3,"74":9,"75":9,"76":9,"77":9,"78":20,"79":20,"80":42,"81":42,"82":67,"83":16,"84":51,"85":20,"86":9,"87":5,"88":15,"89":5,"90":15,"91":5,"92":4,"93":4,"94":10,"95":10,"96":3,"97":9,"98":9,"99":21,"100":11,"101":3,"102":7,"103":10,"104":10,"105":4,"106":4,"107":42,"108":42,"109":42,"110":42,"111":126,"112":42,"113":42,"114":1,"115":1},"f":{"0":84,"1":6,"2":211,"3":1,"4":58,"5":35,"6":46,"7":3,"8":9,"9":20,"10":42,"11":67,"12":15,"13":15,"14":9,"15":9,"16":21,"17":11,"18":42,"19":42,"20":126},"b":{"0":[42,42],"1":[5,37],"2":[3,34],"3":[1,5],"4":[1,4],"5":[2,2],"6":[1,1],"7":[1,1],"8":[32,3],"9":[13,33],"10":[46,44],"11":[22,11],"12":[25,33],"13":[58,44],"14":[18,7],"15":[21,19],"16":[17,4],"17":[19,4],"18":[16,51],"19":[5,4],"20":[3,7]}}
}
