TN:
SF:scripts/deploy/create-cname-records.ts
FN:14,(anonymous_0)
FN:18,(anonymous_1)
FN:51,(anonymous_2)
FN:88,(anonymous_3)
FN:93,(anonymous_4)
FN:94,(anonymous_5)
FN:101,(anonymous_6)
FN:124,(anonymous_7)
FN:127,(anonymous_8)
FN:137,(anonymous_9)
FN:146,(anonymous_10)
FN:153,(anonymous_11)
FN:158,(anonymous_12)
FN:162,(anonymous_13)
FN:166,(anonymous_14)
FN:182,(anonymous_15)
FNF:16
FNH:0
FNDA:0,(anonymous_0)
FNDA:0,(anonymous_1)
FNDA:0,(anonymous_2)
FNDA:0,(anonymous_3)
FNDA:0,(anonymous_4)
FNDA:0,(anonymous_5)
FNDA:0,(anonymous_6)
FNDA:0,(anonymous_7)
FNDA:0,(anonymous_8)
FNDA:0,(anonymous_9)
FNDA:0,(anonymous_10)
FNDA:0,(anonymous_11)
FNDA:0,(anonymous_12)
FNDA:0,(anonymous_13)
FNDA:0,(anonymous_14)
FNDA:0,(anonymous_15)
DA:1,1
DA:2,1
DA:4,1
DA:5,1
DA:6,1
DA:7,1
DA:10,1
DA:12,0
DA:15,0
DA:19,0
DA:20,0
DA:21,0
DA:23,0
DA:24,0
DA:25,0
DA:26,0
DA:28,0
DA:30,0
DA:32,0
DA:33,0
DA:35,0
DA:36,0
DA:37,0
DA:38,0
DA:39,0
DA:41,0
DA:42,0
DA:43,0
DA:44,0
DA:45,0
DA:46,0
DA:47,0
DA:51,0
DA:52,0
DA:54,0
DA:55,0
DA:56,0
DA:57,0
DA:58,0
DA:62,0
DA:63,0
DA:64,0
DA:66,0
DA:67,0
DA:68,0
DA:69,0
DA:70,0
DA:71,0
DA:72,0
DA:78,0
DA:79,0
DA:80,0
DA:89,0
DA:90,0
DA:91,0
DA:92,0
DA:93,0
DA:94,0
DA:96,0
DA:98,0
DA:102,0
DA:106,0
DA:107,0
DA:108,0
DA:115,0
DA:116,0
DA:117,0
DA:118,0
DA:121,0
DA:125,0
DA:126,0
DA:127,0
DA:128,0
DA:129,0
DA:130,0
DA:131,0
DA:133,0
DA:134,0
DA:138,0
DA:139,0
DA:140,0
DA:145,0
DA:146,0
DA:147,0
DA:148,0
DA:150,0
DA:154,0
DA:155,0
DA:157,0
DA:159,0
DA:162,0
DA:167,0
DA:168,0
DA:183,0
DA:184,0
DA:185,0
DA:186,0
DA:191,0
DA:192,0
DA:194,0
LF:100
LH:7
BRDA:19,0,0,0
BRDA:19,0,1,0
BRDA:24,1,0,0
BRDA:24,1,1,0
BRDA:35,2,0,0
BRDA:35,2,1,0
BRDA:46,3,0,0
BRDA:46,3,1,0
BRDA:71,4,0,0
BRDA:71,4,1,0
BRDA:93,5,0,0
BRDA:93,5,1,0
BRDA:120,6,0,0
BRDA:120,6,1,0
BRDA:116,7,0,0
BRDA:116,7,1,0
BRDA:130,8,0,0
BRDA:130,8,1,0
BRDA:130,9,0,0
BRDA:130,9,1,0
BRDA:133,10,0,0
BRDA:133,10,1,0
BRDA:147,11,0,0
BRDA:147,11,1,0
BRDA:150,12,0,0
BRDA:150,12,1,0
BRDA:154,13,0,0
BRDA:154,13,1,0
BRDA:159,14,0,0
BRDA:159,14,1,0
BRDA:159,14,2,0
BRDA:159,14,3,0
BRDA:169,15,0,0
BRDA:169,15,1,0
BRF:34
BRH:0
end_of_record
TN:
SF:scripts/deploy/generate-certificates.ts
FN:16,(anonymous_0)
FN:21,(anonymous_1)
FN:51,(anonymous_2)
FN:60,(anonymous_3)
FN:63,(anonymous_4)
FN:64,(anonymous_5)
FN:71,(anonymous_6)
FN:72,(anonymous_7)
FN:78,(anonymous_8)
FN:94,(anonymous_9)
FN:104,(anonymous_10)
FN:106,(anonymous_11)
FN:109,(anonymous_12)
FN:127,(anonymous_13)
FN:128,(anonymous_14)
FN:136,(anonymous_15)
FN:145,(anonymous_16)
FNF:17
FNH:6
FNDA:1,(anonymous_0)
FNDA:0,(anonymous_1)
FNDA:0,(anonymous_2)
FNDA:7,(anonymous_3)
FNDA:8,(anonymous_4)
FNDA:2,(anonymous_5)
FNDA:7,(anonymous_6)
FNDA:2,(anonymous_7)
FNDA:0,(anonymous_8)
FNDA:0,(anonymous_9)
FNDA:0,(anonymous_10)
FNDA:0,(anonymous_11)
FNDA:0,(anonymous_12)
FNDA:0,(anonymous_13)
FNDA:0,(anonymous_14)
FNDA:0,(anonymous_15)
FNDA:0,(anonymous_16)
DA:1,1
DA:10,1
DA:12,1
DA:17,1
DA:18,1
DA:22,0
DA:23,0
DA:24,0
DA:26,0
DA:27,0
DA:28,0
DA:29,0
DA:30,0
DA:31,0
DA:32,0
DA:33,0
DA:34,0
DA:35,0
DA:36,0
DA:38,0
DA:39,0
DA:40,0
DA:44,0
DA:46,0
DA:52,0
DA:53,0
DA:61,7
DA:63,8
DA:64,2
DA:67,5
DA:68,5
DA:69,8
DA:70,8
DA:71,8
DA:72,2
DA:75,3
DA:79,0
DA:80,0
DA:81,0
DA:82,0
DA:83,0
DA:88,0
DA:89,0
DA:91,0
DA:95,0
DA:96,0
DA:105,0
DA:106,0
DA:107,0
DA:108,0
DA:109,0
DA:110,0
DA:111,0
DA:112,0
DA:113,0
DA:115,0
DA:116,0
DA:118,0
DA:119,0
DA:120,0
DA:121,0
DA:123,0
DA:125,0
DA:127,0
DA:128,0
DA:129,0
DA:130,0
DA:131,0
DA:135,0
DA:136,0
DA:137,0
DA:138,0
DA:139,0
DA:140,0
DA:146,0
DA:147,0
LF:76
LH:15
BRDA:22,0,0,0
BRDA:22,0,1,0
BRDA:28,1,0,0
BRDA:28,1,1,0
BRDA:39,2,0,0
BRDA:39,2,1,0
BRDA:63,3,0,2
BRDA:63,3,1,5
BRDA:71,4,0,2
BRDA:71,4,1,6
BRDA:104,5,0,0
BRDA:115,6,0,0
BRDA:115,6,1,0
BRDA:130,7,0,0
BRDA:130,7,1,0
BRF:15
BRH:4
end_of_record
TN:
SF:scripts/deploy/lerna.ts
FN:15,(anonymous_0)
FN:19,(anonymous_1)
FN:24,(anonymous_2)
FN:25,(anonymous_3)
FN:32,(anonymous_4)
FN:34,(anonymous_5)
FNF:6
FNH:0
FNDA:0,(anonymous_0)
FNDA:0,(anonymous_1)
FNDA:0,(anonymous_2)
FNDA:0,(anonymous_3)
FNDA:0,(anonymous_4)
FNDA:0,(anonymous_5)
DA:1,2
DA:2,2
DA:3,2
DA:12,2
DA:16,0
DA:17,0
DA:19,0
DA:20,0
DA:23,0
DA:24,0
DA:25,0
DA:26,0
DA:27,0
DA:33,0
DA:34,0
DA:35,0
DA:36,0
DA:37,0
LF:18
LH:4
BRDA:16,0,0,0
BRDA:16,0,1,0
BRDA:37,1,0,0
BRDA:37,1,1,0
BRF:4
BRH:0
end_of_record
TN:
SF:scripts/deploy/read-config.ts
FN:60,(anonymous_1)
FN:78,(anonymous_2)
FN:81,(anonymous_3)
FN:82,(anonymous_4)
FN:106,(anonymous_5)
FN:109,(anonymous_6)
FN:115,(anonymous_7)
FN:147,(anonymous_8)
FN:160,(anonymous_9)
FN:164,(anonymous_10)
FN:167,(anonymous_11)
FN:169,(anonymous_12)
FN:181,(anonymous_13)
FN:182,(anonymous_14)
FN:191,(anonymous_15)
FN:192,(anonymous_16)
FN:192,(anonymous_17)
FN:192,(anonymous_18)
FN:204,(anonymous_19)
FN:209,(anonymous_20)
FN:211,(anonymous_21)
FNF:21
FNH:21
FNDA:84,(anonymous_1)
FNDA:6,(anonymous_2)
FNDA:211,(anonymous_3)
FNDA:1,(anonymous_4)
FNDA:58,(anonymous_5)
FNDA:35,(anonymous_6)
FNDA:46,(anonymous_7)
FNDA:3,(anonymous_8)
FNDA:9,(anonymous_9)
FNDA:20,(anonymous_10)
FNDA:42,(anonymous_11)
FNDA:67,(anonymous_12)
FNDA:15,(anonymous_13)
FNDA:15,(anonymous_14)
FNDA:9,(anonymous_15)
FNDA:9,(anonymous_16)
FNDA:21,(anonymous_17)
FNDA:11,(anonymous_18)
FNDA:42,(anonymous_19)
FNDA:42,(anonymous_20)
FNDA:126,(anonymous_21)
DA:1,1
DA:2,1
DA:3,1
DA:4,1
DA:31,1
DA:32,1
DA:61,84
DA:62,42
DA:63,42
DA:64,42
DA:65,5
DA:66,5
DA:68,37
DA:69,37
DA:70,37
DA:71,3
DA:73,34
DA:75,76
DA:79,6
DA:80,6
DA:81,211
DA:82,1
DA:83,6
DA:84,1
DA:85,1
DA:86,1
DA:87,1
DA:89,5
DA:90,5
DA:91,1
DA:92,1
DA:94,4
DA:95,2
DA:96,2
DA:97,2
DA:98,2
DA:100,2
DA:101,2
DA:102,2
DA:103,2
DA:107,58
DA:108,58
DA:109,58
DA:110,35
DA:111,32
DA:113,3
DA:115,58
DA:116,46
DA:117,13
DA:119,33
DA:120,22
DA:122,11
DA:124,58
DA:125,25
DA:126,25
DA:127,25
DA:128,25
DA:129,18
DA:132,40
DA:133,21
DA:134,21
DA:135,21
DA:136,21
DA:137,17
DA:140,23
DA:141,23
DA:142,19
DA:144,4
DA:148,3
DA:149,3
DA:150,3
DA:151,3
DA:152,3
DA:153,10
DA:156,3
DA:157,3
DA:161,9
DA:162,9
DA:163,9
DA:164,9
DA:165,20
DA:166,20
DA:168,42
DA:169,42
DA:170,67
DA:171,16
DA:173,51
DA:178,20
DA:180,9
DA:181,15
DA:182,15
DA:183,5
DA:185,4
DA:186,4
DA:187,10
DA:189,10
DA:190,3
DA:191,9
DA:192,21
DA:193,3
DA:195,7
DA:197,10
DA:198,10
DA:200,4
DA:201,4
DA:205,42
DA:206,42
DA:210,42
DA:211,126
DA:212,42
DA:223,42
LF:111
LH:111
BRDA:61,0,0,42
BRDA:61,0,1,42
BRDA:64,1,0,5
BRDA:64,1,1,37
BRDA:70,2,0,3
BRDA:70,2,1,34
BRDA:83,3,0,1
BRDA:83,3,1,5
BRDA:90,4,0,1
BRDA:90,4,1,4
BRDA:94,5,0,2
BRDA:94,5,1,2
BRDA:96,6,0,1
BRDA:96,6,1,1
BRDA:103,7,0,1
BRDA:103,7,1,1
BRDA:110,8,0,32
BRDA:110,8,1,3
BRDA:116,9,0,13
BRDA:116,9,1,33
BRDA:116,10,0,46
BRDA:116,10,1,44
BRDA:119,11,0,22
BRDA:119,11,1,11
BRDA:124,12,0,25
BRDA:124,12,1,33
BRDA:124,13,0,58
BRDA:124,13,1,44
BRDA:128,14,0,18
BRDA:128,14,1,7
BRDA:132,15,0,21
BRDA:132,15,1,19
BRDA:136,16,0,17
BRDA:136,16,1,4
BRDA:141,17,0,19
BRDA:141,17,1,4
BRDA:170,18,0,16
BRDA:170,18,1,51
BRDA:180,19,0,5
BRDA:180,19,1,4
BRDA:189,20,0,3
BRDA:189,20,1,7
BRF:42
BRH:42
end_of_record
