<?xml version="1.0" encoding="UTF-8"?>
<coverage generated="1588603970219" clover="3.2.0">
  <project timestamp="1588603970219" name="All files">
    <metrics statements="143" coveredstatements="125" conditionals="68" coveredconditionals="53" methods="38" coveredmethods="32" elements="249" coveredelements="210" complexity="0" loc="143" ncloc="143" packages="1" files="1" classes="1"/>
    <file name="packagr.ts" path="/Users/marioarnautou/Code/PernodRicard/DataPortal/dataengine-back/scripts/package/packagr.ts">
      <metrics statements="143" coveredstatements="125" conditionals="68" coveredconditionals="53" methods="38" coveredmethods="32"/>
      <line num="1" count="1" type="stmt"/>
      <line num="2" count="1" type="stmt"/>
      <line num="3" count="1" type="stmt"/>
      <line num="4" count="1" type="stmt"/>
      <line num="5" count="1" type="stmt"/>
      <line num="6" count="1" type="stmt"/>
      <line num="7" count="1" type="stmt"/>
      <line num="8" count="1" type="stmt"/>
      <line num="22" count="1" type="stmt"/>
      <line num="28" count="4" type="stmt"/>
      <line num="29" count="4" type="stmt"/>
      <line num="30" count="4" type="stmt"/>
      <line num="34" count="1" type="stmt"/>
      <line num="39" count="2" type="stmt"/>
      <line num="43" count="2" type="stmt"/>
      <line num="44" count="2" type="stmt"/>
      <line num="45" count="2" type="stmt"/>
      <line num="46" count="2" type="cond" truecount="1" falsecount="1"/>
      <line num="48" count="2" type="cond" truecount="2" falsecount="0"/>
      <line num="49" count="1" type="stmt"/>
      <line num="50" count="1" type="stmt"/>
      <line num="52" count="1" type="cond" truecount="1" falsecount="1"/>
      <line num="53" count="1" type="stmt"/>
      <line num="57" count="1" type="cond" truecount="1" falsecount="1"/>
      <line num="58" count="0" type="stmt"/>
      <line num="60" count="1" type="cond" truecount="1" falsecount="1"/>
      <line num="61" count="1" type="stmt"/>
      <line num="63" count="1" type="stmt"/>
      <line num="64" count="1" type="stmt"/>
      <line num="65" count="1" type="cond" truecount="1" falsecount="1"/>
      <line num="66" count="0" type="stmt"/>
      <line num="68" count="1" type="stmt"/>
      <line num="70" count="1" type="stmt"/>
      <line num="71" count="1" type="stmt"/>
      <line num="73" count="1" type="stmt"/>
      <line num="75" count="1" type="stmt"/>
      <line num="79" count="1" type="stmt"/>
      <line num="80" count="1" type="stmt"/>
      <line num="85" count="1" type="stmt"/>
      <line num="88" count="1" type="stmt"/>
      <line num="89" count="0" type="cond" truecount="0" falsecount="2"/>
      <line num="90" count="0" type="stmt"/>
      <line num="92" count="0" type="stmt"/>
      <line num="93" count="0" type="stmt"/>
      <line num="97" count="1" type="stmt"/>
      <line num="98" count="0" type="stmt"/>
      <line num="99" count="0" type="stmt"/>
      <line num="102" count="1" type="stmt"/>
      <line num="104" count="1" type="stmt"/>
      <line num="106" count="1" type="stmt"/>
      <line num="107" count="3" type="stmt"/>
      <line num="108" count="7" type="cond" truecount="1" falsecount="1"/>
      <line num="109" count="7" type="stmt"/>
      <line num="110" count="210" type="stmt"/>
      <line num="112" count="123" type="stmt"/>
      <line num="113" count="7" type="cond" truecount="2" falsecount="0"/>
      <line num="114" count="2" type="stmt"/>
      <line num="119" count="2" type="stmt"/>
      <line num="120" count="1" type="stmt"/>
      <line num="122" count="1" type="stmt"/>
      <line num="123" count="1" type="stmt"/>
      <line num="124" count="2" type="stmt"/>
      <line num="127" count="1" type="stmt"/>
      <line num="129" count="125" type="cond" truecount="2" falsecount="0"/>
      <line num="130" count="25" type="stmt"/>
      <line num="131" count="100" type="cond" truecount="1" falsecount="1"/>
      <line num="132" count="100" type="stmt"/>
      <line num="133" count="100" type="stmt"/>
      <line num="138" count="1" type="stmt"/>
      <line num="143" count="0" type="stmt"/>
      <line num="144" count="0" type="stmt"/>
      <line num="147" count="0" type="stmt"/>
      <line num="148" count="0" type="stmt"/>
      <line num="149" count="0" type="stmt"/>
      <line num="150" count="0" type="stmt"/>
      <line num="156" count="1" type="stmt"/>
      <line num="157" count="1" type="stmt"/>
      <line num="158" count="1" type="stmt"/>
      <line num="159" count="1" type="stmt"/>
      <line num="160" count="1" type="stmt"/>
      <line num="161" count="1419" type="cond" truecount="1" falsecount="1"/>
      <line num="162" count="0" type="stmt"/>
      <line num="164" count="1419" type="stmt"/>
      <line num="165" count="1418" type="stmt"/>
      <line num="167" count="1418" type="cond" truecount="2" falsecount="0"/>
      <line num="168" count="123" type="stmt"/>
      <line num="169" count="16" type="cond" truecount="1" falsecount="1"/>
      <line num="170" count="0" type="stmt"/>
      <line num="171" count="0" type="stmt"/>
      <line num="173" count="16" type="stmt"/>
      <line num="182" count="1402" type="stmt"/>
      <line num="191" count="1418" type="stmt"/>
      <line num="192" count="1418" type="cond" truecount="2" falsecount="0"/>
      <line num="193" count="1411" type="stmt"/>
      <line num="195" count="1418" type="cond" truecount="2" falsecount="0"/>
      <line num="196" count="20" type="stmt"/>
      <line num="197" count="20" type="stmt"/>
      <line num="199" count="1398" type="stmt"/>
      <line num="203" count="1" type="stmt"/>
      <line num="204" count="1" type="stmt"/>
      <line num="205" count="1" type="stmt"/>
      <line num="209" count="2" type="stmt"/>
      <line num="210" count="41308" type="cond" truecount="2" falsecount="0"/>
      <line num="212" count="1420" type="stmt"/>
      <line num="213" count="1420" type="stmt"/>
      <line num="215" count="2" type="stmt"/>
      <line num="217" count="2" type="stmt"/>
      <line num="219" count="1391" type="stmt"/>
      <line num="221" count="13317" type="cond" truecount="2" falsecount="0"/>
      <line num="222" count="1413" type="stmt"/>
      <line num="224" count="6001" type="stmt"/>
      <line num="226" count="6001" type="cond" truecount="2" falsecount="0"/>
      <line num="227" count="4836" type="stmt"/>
      <line num="230" count="1165" type="stmt"/>
      <line num="232" count="6001" type="stmt"/>
      <line num="234" count="41308" type="cond" truecount="2" falsecount="0"/>
      <line num="235" count="261" type="stmt"/>
      <line num="239" count="5740" type="cond" truecount="2" falsecount="0"/>
      <line num="241" count="1413" type="cond" truecount="2" falsecount="0"/>
      <line num="242" count="1413" type="cond" truecount="2" falsecount="0"/>
      <line num="245" count="1413" type="cond" truecount="2" falsecount="0"/>
      <line num="246" count="1389" type="stmt"/>
      <line num="248" count="1413" type="stmt"/>
      <line num="252" count="2" type="stmt"/>
      <line num="255" count="2" type="stmt"/>
      <line num="256" count="1427" type="stmt"/>
      <line num="257" count="1425" type="cond" truecount="4" falsecount="0"/>
      <line num="258" count="1148" type="stmt"/>
      <line num="260" count="1425" type="stmt"/>
      <line num="263" count="2" type="stmt"/>
      <line num="264" count="2" type="stmt"/>
      <line num="265" count="2" type="stmt"/>
      <line num="269" count="1" type="cond" truecount="1" falsecount="1"/>
      <line num="270" count="0" type="stmt"/>
      <line num="272" count="1" type="stmt"/>
      <line num="273" count="2" type="stmt"/>
      <line num="274" count="1" type="cond" truecount="1" falsecount="0"/>
      <line num="275" count="8" type="stmt"/>
      <line num="276" count="7" type="cond" truecount="3" falsecount="1"/>
      <line num="277" count="7" type="stmt"/>
      <line num="281" count="7" type="stmt"/>
      <line num="284" count="1" type="stmt"/>
      <line num="285" count="1" type="stmt"/>
    </file>
  </project>
</coverage>
