{
  "/Users/marioarnautou/Code/PernodRicard/DataPortal/dataengine-back/scripts/package/packagr.ts": {
    "path": "/Users/marioarnautou/Code/PernodRicard/DataPortal/dataengine-back/scripts/package/packagr.ts",
    "statementMap": {
      "0": {
        "start": { "line": 1, "column": 0 },
        "end": { "line": 1, "column": 38 }
      },
      "1": {
        "start": { "line": 2, "column": 0 },
        "end": { "line": 2, "column": 38 }
      },
      "2": {
        "start": { "line": 3, "column": 0 },
        "end": { "line": 3, "column": 82 }
      },
      "3": {
        "start": { "line": 4, "column": 0 },
        "end": { "line": 4, "column": 39 }
      },
      "4": {
        "start": { "line": 5, "column": 0 },
        "end": { "line": 5, "column": 32 }
      },
      "5": {
        "start": { "line": 6, "column": 0 },
        "end": { "line": 6, "column": 26 }
      },
      "6": {
        "start": { "line": 7, "column": 0 },
        "end": { "line": 7, "column": 67 }
      },
      "7": {
        "start": { "line": 8, "column": 0 },
        "end": { "line": 8, "column": 36 }
      },
      "8": {
        "start": { "line": 28, "column": 4 },
        "end": { "line": 28, "column": 30 }
      },
      "9": {
        "start": { "line": 29, "column": 4 },
        "end": { "line": 29, "column": 27 }
      },
      "10": {
        "start": { "line": 30, "column": 4 },
        "end": { "line": 30, "column": 29 }
      },
      "11": {
        "start": { "line": 34, "column": 4 },
        "end": { "line": 34, "column": 39 }
      },
      "12": {
        "start": { "line": 39, "column": 4 },
        "end": { "line": 39, "column": 38 }
      },
      "13": {
        "start": { "line": 43, "column": 18 },
        "end": { "line": 43, "column": 35 }
      },
      "14": {
        "start": { "line": 44, "column": 24 },
        "end": { "line": 44, "column": 49 }
      },
      "15": {
        "start": { "line": 45, "column": 28 },
        "end": { "line": 47, "column": 10 }
      },
      "16": {
        "start": { "line": 46, "column": 40 },
        "end": { "line": 46, "column": 81 }
      },
      "17": {
        "start": { "line": 46, "column": 65 },
        "end": { "line": 46, "column": 80 }
      },
      "18": {
        "start": { "line": 48, "column": 4 },
        "end": { "line": 51, "column": null }
      },
      "19": {
        "start": { "line": 49, "column": 6 },
        "end": { "line": 49, "column": 57 }
      },
      "20": {
        "start": { "line": 50, "column": 6 },
        "end": { "line": 50, "column": 40 }
      },
      "21": {
        "start": { "line": 52, "column": 22 },
        "end": { "line": 52, "column": 119 }
      },
      "22": {
        "start": { "line": 52, "column": 73 },
        "end": { "line": 52, "column": 104 }
      },
      "23": {
        "start": { "line": 53, "column": 4 },
        "end": { "line": 53, "column": 77 }
      },
      "24": {
        "start": { "line": 53, "column": 49 },
        "end": { "line": 53, "column": 74 }
      },
      "25": {
        "start": { "line": 57, "column": 4 },
        "end": { "line": 59, "column": null }
      },
      "26": {
        "start": { "line": 58, "column": 6 },
        "end": { "line": 58, "column": 48 }
      },
      "27": {
        "start": { "line": 60, "column": 4 },
        "end": { "line": 62, "column": null }
      },
      "28": {
        "start": { "line": 61, "column": 6 },
        "end": { "line": 61, "column": 26 }
      },
      "29": {
        "start": { "line": 63, "column": 4 },
        "end": { "line": 63, "column": 108 }
      },
      "30": {
        "start": { "line": 64, "column": 29 },
        "end": { "line": 64, "column": 63 }
      },
      "31": {
        "start": { "line": 65, "column": 4 },
        "end": { "line": 67, "column": null }
      },
      "32": {
        "start": { "line": 66, "column": 6 },
        "end": { "line": 66, "column": 35 }
      },
      "33": {
        "start": { "line": 68, "column": 4 },
        "end": { "line": 68, "column": 32 }
      },
      "34": {
        "start": { "line": 70, "column": 4 },
        "end": { "line": 139, "column": 7 }
      },
      "35": {
        "start": { "line": 71, "column": 22 },
        "end": { "line": 71, "column": 34 }
      },
      "36": {
        "start": { "line": 73, "column": 21 },
        "end": { "line": 73, "column": 71 }
      },
      "37": {
        "start": { "line": 75, "column": 22 },
        "end": { "line": 77, "column": 8 }
      },
      "38": {
        "start": { "line": 79, "column": 6 },
        "end": { "line": 86, "column": 9 }
      },
      "39": {
        "start": { "line": 80, "column": 8 },
        "end": { "line": 84, "column": 10 }
      },
      "40": {
        "start": { "line": 85, "column": 8 },
        "end": { "line": 85, "column": 25 }
      },
      "41": {
        "start": { "line": 88, "column": 6 },
        "end": { "line": 95, "column": 9 }
      },
      "42": {
        "start": { "line": 89, "column": 8 },
        "end": { "line": 94, "column": null }
      },
      "43": {
        "start": { "line": 90, "column": 10 },
        "end": { "line": 90, "column": 28 }
      },
      "44": {
        "start": { "line": 92, "column": 10 },
        "end": { "line": 92, "column": 29 }
      },
      "45": {
        "start": { "line": 93, "column": 10 },
        "end": { "line": 93, "column": 29 }
      },
      "46": {
        "start": { "line": 97, "column": 6 },
        "end": { "line": 100, "column": 9 }
      },
      "47": {
        "start": { "line": 98, "column": 8 },
        "end": { "line": 98, "column": 27 }
      },
      "48": {
        "start": { "line": 99, "column": 8 },
        "end": { "line": 99, "column": 27 }
      },
      "49": {
        "start": { "line": 102, "column": 6 },
        "end": { "line": 102, "column": 27 }
      },
      "50": {
        "start": { "line": 104, "column": 41 },
        "end": { "line": 104, "column": 50 }
      },
      "51": {
        "start": { "line": 106, "column": 31 },
        "end": { "line": 118, "column": 7 }
      },
      "52": {
        "start": { "line": 107, "column": 8 },
        "end": { "line": 117, "column": null }
      },
      "53": {
        "start": { "line": 108, "column": 10 },
        "end": { "line": 116, "column": null }
      },
      "54": {
        "start": { "line": 109, "column": 26 },
        "end": { "line": 110, "column": null }
      },
      "55": {
        "start": { "line": 110, "column": 24 },
        "end": { "line": 110, "column": 74 }
      },
      "56": {
        "start": { "line": 112, "column": 12 },
        "end": { "line": 112, "column": 98 }
      },
      "57": {
        "start": { "line": 112, "column": 35 },
        "end": { "line": 112, "column": 96 }
      },
      "58": {
        "start": { "line": 113, "column": 12 },
        "end": { "line": 115, "column": null }
      },
      "59": {
        "start": { "line": 114, "column": 14 },
        "end": { "line": 114, "column": 83 }
      },
      "60": {
        "start": { "line": 119, "column": 20 },
        "end": { "line": 119, "column": 80 }
      },
      "61": {
        "start": { "line": 119, "column": 63 },
        "end": { "line": 119, "column": 79 }
      },
      "62": {
        "start": { "line": 120, "column": 6 },
        "end": { "line": 120, "column": 46 }
      },
      "63": {
        "start": { "line": 122, "column": 18 },
        "end": { "line": 122, "column": 47 }
      },
      "64": {
        "start": { "line": 123, "column": 6 },
        "end": { "line": 125, "column": 9 }
      },
      "65": {
        "start": { "line": 124, "column": 8 },
        "end": { "line": 124, "column": 45 }
      },
      "66": {
        "start": { "line": 127, "column": 6 },
        "end": { "line": 137, "column": 9 }
      },
      "67": {
        "start": { "line": 129, "column": 8 },
        "end": { "line": 136, "column": null }
      },
      "68": {
        "start": { "line": 130, "column": 10 },
        "end": { "line": 130, "column": 33 }
      },
      "69": {
        "start": { "line": 131, "column": 15 },
        "end": { "line": 136, "column": null }
      },
      "70": {
        "start": { "line": 132, "column": 10 },
        "end": { "line": 132, "column": 33 }
      },
      "71": {
        "start": { "line": 133, "column": 10 },
        "end": { "line": 135, "column": 13 }
      },
      "72": {
        "start": { "line": 138, "column": 6 },
        "end": { "line": 138, "column": 25 }
      },
      "73": {
        "start": { "line": 143, "column": 4 },
        "end": { "line": 152, "column": 7 }
      },
      "74": {
        "start": { "line": 144, "column": 22 },
        "end": { "line": 146, "column": 8 }
      },
      "75": {
        "start": { "line": 147, "column": 31 },
        "end": { "line": 147, "column": 33 }
      },
      "76": {
        "start": { "line": 148, "column": 6 },
        "end": { "line": 148, "column": 61 }
      },
      "77": {
        "start": { "line": 148, "column": 42 },
        "end": { "line": 148, "column": 59 }
      },
      "78": {
        "start": { "line": 149, "column": 6 },
        "end": { "line": 151, "column": 9 }
      },
      "79": {
        "start": { "line": 150, "column": 8 },
        "end": { "line": 150, "column": 68 }
      },
      "80": {
        "start": { "line": 156, "column": 23 },
        "end": { "line": 156, "column": 25 }
      },
      "81": {
        "start": { "line": 157, "column": 18 },
        "end": { "line": 157, "column": 35 }
      },
      "82": {
        "start": { "line": 158, "column": 22 },
        "end": { "line": 158, "column": 66 }
      },
      "83": {
        "start": { "line": 159, "column": 20 },
        "end": { "line": 159, "column": 79 }
      },
      "84": {
        "start": { "line": 160, "column": 22 },
        "end": { "line": 202, "column": 5 }
      },
      "85": {
        "start": { "line": 161, "column": 6 },
        "end": { "line": 163, "column": null }
      },
      "86": {
        "start": { "line": 162, "column": 8 },
        "end": { "line": 162, "column": 15 }
      },
      "87": {
        "start": { "line": 164, "column": 6 },
        "end": { "line": 201, "column": null }
      },
      "88": {
        "start": { "line": 165, "column": 20 },
        "end": { "line": 165, "column": 30 }
      },
      "89": {
        "start": { "line": 167, "column": 8 },
        "end": { "line": 190, "column": null }
      },
      "90": {
        "start": { "line": 168, "column": 27 },
        "end": { "line": 168, "column": 70 }
      },
      "91": {
        "start": { "line": 168, "column": 54 },
        "end": { "line": 168, "column": 69 }
      },
      "92": {
        "start": { "line": 169, "column": 10 },
        "end": { "line": 172, "column": null }
      },
      "93": {
        "start": { "line": 170, "column": 12 },
        "end": { "line": 170, "column": 54 }
      },
      "94": {
        "start": { "line": 171, "column": 12 },
        "end": { "line": 171, "column": 46 }
      },
      "95": {
        "start": { "line": 173, "column": 10 },
        "end": { "line": 180, "column": 12 }
      },
      "96": {
        "start": { "line": 182, "column": 10 },
        "end": { "line": 189, "column": 12 }
      },
      "97": {
        "start": { "line": 191, "column": 8 },
        "end": { "line": 191, "column": 23 }
      },
      "98": {
        "start": { "line": 192, "column": 8 },
        "end": { "line": 194, "column": null }
      },
      "99": {
        "start": { "line": 193, "column": 10 },
        "end": { "line": 193, "column": 36 }
      },
      "100": {
        "start": { "line": 195, "column": 8 },
        "end": { "line": 200, "column": null }
      },
      "101": {
        "start": { "line": 196, "column": 29 },
        "end": { "line": 196, "column": 80 }
      },
      "102": {
        "start": { "line": 197, "column": 10 },
        "end": { "line": 197, "column": 56 }
      },
      "103": {
        "start": { "line": 199, "column": 10 },
        "end": { "line": 199, "column": 49 }
      },
      "104": {
        "start": { "line": 203, "column": 4 },
        "end": { "line": 203, "column": 42 }
      },
      "105": {
        "start": { "line": 204, "column": 4 },
        "end": { "line": 204, "column": 39 }
      },
      "106": {
        "start": { "line": 205, "column": 4 },
        "end": { "line": 205, "column": 16 }
      },
      "107": {
        "start": { "line": 209, "column": 22 },
        "end": { "line": 211, "column": 5 }
      },
      "108": {
        "start": { "line": 210, "column": 6 },
        "end": { "line": 210, "column": 62 }
      },
      "109": {
        "start": { "line": 212, "column": 18 },
        "end": { "line": 212, "column": 78 }
      },
      "110": {
        "start": { "line": 212, "column": 61 },
        "end": { "line": 212, "column": 77 }
      },
      "111": {
        "start": { "line": 213, "column": 19 },
        "end": { "line": 213, "column": 85 }
      },
      "112": {
        "start": { "line": 213, "column": 62 },
        "end": { "line": 213, "column": 84 }
      },
      "113": {
        "start": { "line": 215, "column": 43 },
        "end": { "line": 215, "column": 52 }
      },
      "114": {
        "start": { "line": 217, "column": 24 },
        "end": { "line": 251, "column": 5 }
      },
      "115": {
        "start": { "line": 219, "column": 6 },
        "end": { "line": 250, "column": null }
      },
      "116": {
        "start": { "line": 221, "column": 8 },
        "end": { "line": 249, "column": null }
      },
      "117": {
        "start": { "line": 222, "column": 30 },
        "end": { "line": 240, "column": 11 }
      },
      "118": {
        "start": { "line": 224, "column": 32 },
        "end": { "line": 231, "column": 13 }
      },
      "119": {
        "start": { "line": 226, "column": 14 },
        "end": { "line": 228, "column": null }
      },
      "120": {
        "start": { "line": 227, "column": 16 },
        "end": { "line": 227, "column": 43 }
      },
      "121": {
        "start": { "line": 230, "column": 14 },
        "end": { "line": 230, "column": 27 }
      },
      "122": {
        "start": { "line": 232, "column": 29 },
        "end": { "line": 232, "column": 42 }
      },
      "123": {
        "start": { "line": 234, "column": 12 },
        "end": { "line": 236, "column": null }
      },
      "124": {
        "start": { "line": 234, "column": 37 },
        "end": { "line": 234, "column": 54 }
      },
      "125": {
        "start": { "line": 235, "column": 14 },
        "end": { "line": 235, "column": 26 }
      },
      "126": {
        "start": { "line": 239, "column": 12 },
        "end": { "line": 239, "column": 64 }
      },
      "127": {
        "start": { "line": 241, "column": 10 },
        "end": { "line": 241, "column": 71 }
      },
      "128": {
        "start": { "line": 242, "column": 29 },
        "end": { "line": 242, "column": 60 }
      },
      "129": {
        "start": { "line": 245, "column": 10 },
        "end": { "line": 247, "column": null }
      },
      "130": {
        "start": { "line": 246, "column": 12 },
        "end": { "line": 246, "column": 52 }
      },
      "131": {
        "start": { "line": 248, "column": 10 },
        "end": { "line": 248, "column": 35 }
      },
      "132": {
        "start": { "line": 252, "column": 4 },
        "end": { "line": 252, "column": 24 }
      },
      "133": {
        "start": { "line": 255, "column": 32 },
        "end": { "line": 262, "column": 5 }
      },
      "134": {
        "start": { "line": 256, "column": 6 },
        "end": { "line": 261, "column": null }
      },
      "135": {
        "start": { "line": 257, "column": 8 },
        "end": { "line": 259, "column": null }
      },
      "136": {
        "start": { "line": 258, "column": 10 },
        "end": { "line": 258, "column": 47 }
      },
      "137": {
        "start": { "line": 260, "column": 8 },
        "end": { "line": 260, "column": 42 }
      },
      "138": {
        "start": { "line": 263, "column": 4 },
        "end": { "line": 263, "column": 31 }
      },
      "139": {
        "start": { "line": 264, "column": 4 },
        "end": { "line": 264, "column": 41 }
      },
      "140": {
        "start": { "line": 265, "column": 4 },
        "end": { "line": 265, "column": 40 }
      },
      "141": {
        "start": { "line": 269, "column": 4 },
        "end": { "line": 271, "column": null }
      },
      "142": {
        "start": { "line": 270, "column": 6 },
        "end": { "line": 270, "column": 30 }
      },
      "143": {
        "start": { "line": 272, "column": 20 },
        "end": { "line": 272, "column": 22 }
      },
      "144": {
        "start": { "line": 273, "column": 18 },
        "end": { "line": 273, "column": 78 }
      },
      "145": {
        "start": { "line": 273, "column": 61 },
        "end": { "line": 273, "column": 77 }
      },
      "146": {
        "start": { "line": 274, "column": 23 },
        "end": { "line": 283, "column": 5 }
      },
      "147": {
        "start": { "line": 275, "column": 6 },
        "end": { "line": 282, "column": null }
      },
      "148": {
        "start": { "line": 276, "column": 8 },
        "end": { "line": 280, "column": null }
      },
      "149": {
        "start": { "line": 277, "column": 10 },
        "end": { "line": 279, "column": 59 }
      },
      "150": {
        "start": { "line": 281, "column": 8 },
        "end": { "line": 281, "column": 44 }
      },
      "151": {
        "start": { "line": 284, "column": 4 },
        "end": { "line": 284, "column": 22 }
      },
      "152": {
        "start": { "line": 285, "column": 4 },
        "end": { "line": 285, "column": 21 }
      },
      "153": {
        "start": { "line": 22, "column": 0 },
        "end": { "line": 22, "column": 13 }
      }
    },
    "fnMap": {
      "0": {
        "name": "(anonymous_1)",
        "decl": {
          "start": { "line": 27, "column": 2 },
          "end": { "line": 27, "column": 14 }
        },
        "loc": {
          "start": { "line": 27, "column": 33 },
          "end": { "line": 31, "column": 3 }
        }
      },
      "1": {
        "name": "(anonymous_2)",
        "decl": {
          "start": { "line": 33, "column": 9 },
          "end": { "line": 33, "column": 16 }
        },
        "loc": {
          "start": { "line": 33, "column": 36 },
          "end": { "line": 35, "column": 3 }
        }
      },
      "2": {
        "name": "(anonymous_3)",
        "decl": {
          "start": { "line": 38, "column": 9 },
          "end": { "line": 38, "column": 16 }
        },
        "loc": {
          "start": { "line": 38, "column": 48 },
          "end": { "line": 40, "column": 3 }
        }
      },
      "3": {
        "name": "(anonymous_4)",
        "decl": {
          "start": { "line": 42, "column": 9 },
          "end": { "line": 42, "column": 14 }
        },
        "loc": {
          "start": { "line": 42, "column": 21 },
          "end": { "line": 54, "column": 3 }
        }
      },
      "4": {
        "name": "(anonymous_5)",
        "decl": {
          "start": { "line": 46, "column": 30 },
          "end": { "line": 46, "column": 31 }
        },
        "loc": {
          "start": { "line": 46, "column": 40 },
          "end": { "line": 46, "column": 81 }
        }
      },
      "5": {
        "name": "(anonymous_6)",
        "decl": {
          "start": { "line": 46, "column": 58 },
          "end": { "line": 46, "column": 59 }
        },
        "loc": {
          "start": { "line": 46, "column": 65 },
          "end": { "line": 46, "column": 80 }
        }
      },
      "6": {
        "name": "(anonymous_7)",
        "decl": {
          "start": { "line": 52, "column": 66 },
          "end": { "line": 52, "column": 67 }
        },
        "loc": {
          "start": { "line": 52, "column": 73 },
          "end": { "line": 52, "column": 104 }
        }
      },
      "7": {
        "name": "(anonymous_8)",
        "decl": {
          "start": { "line": 53, "column": 36 },
          "end": { "line": 53, "column": 37 }
        },
        "loc": {
          "start": { "line": 53, "column": 49 },
          "end": { "line": 53, "column": 74 }
        }
      },
      "8": {
        "name": "(anonymous_9)",
        "decl": {
          "start": { "line": 56, "column": 9 },
          "end": { "line": 56, "column": 14 }
        },
        "loc": {
          "start": { "line": 56, "column": 49 },
          "end": { "line": 140, "column": 3 }
        }
      },
      "9": {
        "name": "(anonymous_10)",
        "decl": {
          "start": { "line": 70, "column": 29 },
          "end": { "line": 70, "column": 30 }
        },
        "loc": {
          "start": { "line": 70, "column": 49 },
          "end": { "line": 139, "column": 5 }
        }
      },
      "10": {
        "name": "(anonymous_11)",
        "decl": {
          "start": { "line": 79, "column": 25 },
          "end": { "line": 79, "column": 28 }
        },
        "loc": {
          "start": { "line": 79, "column": 30 },
          "end": { "line": 86, "column": 7 }
        }
      },
      "11": {
        "name": "(anonymous_12)",
        "decl": {
          "start": { "line": 88, "column": 28 },
          "end": { "line": 88, "column": 29 }
        },
        "loc": {
          "start": { "line": 88, "column": 36 },
          "end": { "line": 95, "column": 7 }
        }
      },
      "12": {
        "name": "(anonymous_13)",
        "decl": {
          "start": { "line": 97, "column": 26 },
          "end": { "line": 97, "column": 27 }
        },
        "loc": {
          "start": { "line": 97, "column": 34 },
          "end": { "line": 100, "column": 7 }
        }
      },
      "13": {
        "name": "(anonymous_14)",
        "decl": {
          "start": { "line": 106, "column": 31 },
          "end": { "line": 106, "column": 32 }
        },
        "loc": {
          "start": { "line": 106, "column": 64 },
          "end": { "line": 118, "column": 7 }
        }
      },
      "14": {
        "name": "(anonymous_15)",
        "decl": {
          "start": { "line": 110, "column": 14 },
          "end": { "line": 110, "column": 15 }
        },
        "loc": {
          "start": { "line": 110, "column": 24 },
          "end": { "line": 110, "column": 74 }
        }
      },
      "15": {
        "name": "(anonymous_16)",
        "decl": {
          "start": { "line": 112, "column": 26 },
          "end": { "line": 112, "column": 27 }
        },
        "loc": {
          "start": { "line": 112, "column": 35 },
          "end": { "line": 112, "column": 96 }
        }
      },
      "16": {
        "name": "(anonymous_17)",
        "decl": {
          "start": { "line": 119, "column": 56 },
          "end": { "line": 119, "column": 57 }
        },
        "loc": {
          "start": { "line": 119, "column": 63 },
          "end": { "line": 119, "column": 79 }
        }
      },
      "17": {
        "name": "(anonymous_18)",
        "decl": {
          "start": { "line": 123, "column": 41 },
          "end": { "line": 123, "column": 42 }
        },
        "loc": {
          "start": { "line": 123, "column": 50 },
          "end": { "line": 125, "column": 7 }
        }
      },
      "18": {
        "name": "(anonymous_19)",
        "decl": {
          "start": { "line": 127, "column": 20 },
          "end": { "line": 127, "column": 21 }
        },
        "loc": {
          "start": { "line": 127, "column": 35 },
          "end": { "line": 137, "column": 7 }
        }
      },
      "19": {
        "name": "(anonymous_20)",
        "decl": {
          "start": { "line": 142, "column": 9 },
          "end": { "line": 142, "column": 15 }
        },
        "loc": {
          "start": { "line": 142, "column": 60 },
          "end": { "line": 153, "column": 3 }
        }
      },
      "20": {
        "name": "(anonymous_21)",
        "decl": {
          "start": { "line": 143, "column": 28 },
          "end": { "line": 143, "column": 29 }
        },
        "loc": {
          "start": { "line": 143, "column": 40 },
          "end": { "line": 152, "column": 5 }
        }
      },
      "21": {
        "name": "(anonymous_22)",
        "decl": {
          "start": { "line": 148, "column": 32 },
          "end": { "line": 148, "column": 33 }
        },
        "loc": {
          "start": { "line": 148, "column": 42 },
          "end": { "line": 148, "column": 59 }
        }
      },
      "22": {
        "name": "(anonymous_23)",
        "decl": {
          "start": { "line": 149, "column": 26 },
          "end": { "line": 149, "column": 29 }
        },
        "loc": {
          "start": { "line": 149, "column": 31 },
          "end": { "line": 151, "column": 7 }
        }
      },
      "23": {
        "name": "(anonymous_24)",
        "decl": {
          "start": { "line": 155, "column": 9 },
          "end": { "line": 155, "column": 14 }
        },
        "loc": {
          "start": { "line": 155, "column": 59 },
          "end": { "line": 206, "column": 3 }
        }
      },
      "24": {
        "name": "(anonymous_25)",
        "decl": {
          "start": { "line": 160, "column": 22 },
          "end": { "line": 160, "column": 27 }
        },
        "loc": {
          "start": { "line": 160, "column": 61 },
          "end": { "line": 202, "column": 5 }
        }
      },
      "25": {
        "name": "(anonymous_26)",
        "decl": {
          "start": { "line": 168, "column": 42 },
          "end": { "line": 168, "column": 43 }
        },
        "loc": {
          "start": { "line": 168, "column": 54 },
          "end": { "line": 168, "column": 69 }
        }
      },
      "26": {
        "name": "(anonymous_27)",
        "decl": {
          "start": { "line": 208, "column": 9 },
          "end": { "line": 208, "column": 14 }
        },
        "loc": {
          "start": { "line": 208, "column": 37 },
          "end": { "line": 266, "column": 3 }
        }
      },
      "27": {
        "name": "(anonymous_28)",
        "decl": {
          "start": { "line": 209, "column": 22 },
          "end": { "line": 209, "column": 23 }
        },
        "loc": {
          "start": { "line": 209, "column": 62 },
          "end": { "line": 211, "column": 5 }
        }
      },
      "28": {
        "name": "(anonymous_29)",
        "decl": {
          "start": { "line": 212, "column": 54 },
          "end": { "line": 212, "column": 55 }
        },
        "loc": {
          "start": { "line": 212, "column": 61 },
          "end": { "line": 212, "column": 77 }
        }
      },
      "29": {
        "name": "(anonymous_30)",
        "decl": {
          "start": { "line": 213, "column": 55 },
          "end": { "line": 213, "column": 56 }
        },
        "loc": {
          "start": { "line": 213, "column": 62 },
          "end": { "line": 213, "column": 84 }
        }
      },
      "30": {
        "name": "(anonymous_31)",
        "decl": {
          "start": { "line": 217, "column": 24 },
          "end": { "line": 217, "column": 25 }
        },
        "loc": {
          "start": { "line": 217, "column": 45 },
          "end": { "line": 251, "column": 5 }
        }
      },
      "31": {
        "name": "(anonymous_32)",
        "decl": {
          "start": { "line": 222, "column": 30 },
          "end": { "line": 222, "column": 31 }
        },
        "loc": {
          "start": { "line": 222, "column": 57 },
          "end": { "line": 240, "column": 11 }
        }
      },
      "32": {
        "name": "(anonymous_33)",
        "decl": {
          "start": { "line": 224, "column": 32 },
          "end": { "line": 224, "column": 47 }
        },
        "loc": {
          "start": { "line": 224, "column": 49 },
          "end": { "line": 231, "column": 13 }
        }
      },
      "33": {
        "name": "(anonymous_34)",
        "decl": {
          "start": { "line": 234, "column": 30 },
          "end": { "line": 234, "column": 31 }
        },
        "loc": {
          "start": { "line": 234, "column": 37 },
          "end": { "line": 234, "column": 54 }
        }
      },
      "34": {
        "name": "(anonymous_35)",
        "decl": {
          "start": { "line": 255, "column": 32 },
          "end": { "line": 255, "column": 33 }
        },
        "loc": {
          "start": { "line": 255, "column": 53 },
          "end": { "line": 262, "column": 5 }
        }
      },
      "35": {
        "name": "(anonymous_36)",
        "decl": {
          "start": { "line": 268, "column": 9 },
          "end": { "line": 268, "column": 14 }
        },
        "loc": {
          "start": { "line": 268, "column": 62 },
          "end": { "line": 286, "column": 3 }
        }
      },
      "36": {
        "name": "(anonymous_37)",
        "decl": {
          "start": { "line": 273, "column": 54 },
          "end": { "line": 273, "column": 55 }
        },
        "loc": {
          "start": { "line": 273, "column": 61 },
          "end": { "line": 273, "column": 77 }
        }
      },
      "37": {
        "name": "(anonymous_38)",
        "decl": {
          "start": { "line": 274, "column": 23 },
          "end": { "line": 274, "column": 24 }
        },
        "loc": {
          "start": { "line": 274, "column": 53 },
          "end": { "line": 283, "column": 5 }
        }
      }
    },
    "branchMap": {
      "0": {
        "loc": {
          "start": { "line": 46, "column": 8 },
          "end": { "line": 46, "column": 82 }
        },
        "type": "cond-expr",
        "locations": [
          {
            "start": { "line": 46, "column": 8 },
            "end": { "line": 46, "column": 82 }
          },
          {
            "start": { "line": 47, "column": 8 },
            "end": { "line": 47, "column": 10 }
          }
        ]
      },
      "1": {
        "loc": {
          "start": { "line": 48, "column": 4 },
          "end": { "line": 51, "column": null }
        },
        "type": "if",
        "locations": [
          {
            "start": { "line": 48, "column": 4 },
            "end": { "line": 51, "column": null }
          },
          {
            "start": { "line": 48, "column": 4 },
            "end": { "line": 51, "column": null }
          }
        ]
      },
      "2": {
        "loc": {
          "start": { "line": 52, "column": 47 },
          "end": { "line": 52, "column": 105 }
        },
        "type": "cond-expr",
        "locations": [
          {
            "start": { "line": 52, "column": 47 },
            "end": { "line": 52, "column": 105 }
          },
          {
            "start": { "line": 52, "column": 108 },
            "end": { "line": 52, "column": 119 }
          }
        ]
      },
      "3": {
        "loc": {
          "start": { "line": 57, "column": 4 },
          "end": { "line": 59, "column": null }
        },
        "type": "if",
        "locations": [
          {
            "start": { "line": 57, "column": 4 },
            "end": { "line": 59, "column": null }
          },
          {
            "start": { "line": 57, "column": 4 },
            "end": { "line": 59, "column": null }
          }
        ]
      },
      "4": {
        "loc": {
          "start": { "line": 60, "column": 4 },
          "end": { "line": 62, "column": null }
        },
        "type": "if",
        "locations": [
          {
            "start": { "line": 60, "column": 4 },
            "end": { "line": 62, "column": null }
          },
          {
            "start": { "line": 60, "column": 4 },
            "end": { "line": 62, "column": null }
          }
        ]
      },
      "5": {
        "loc": {
          "start": { "line": 65, "column": 4 },
          "end": { "line": 67, "column": null }
        },
        "type": "if",
        "locations": [
          {
            "start": { "line": 65, "column": 4 },
            "end": { "line": 67, "column": null }
          },
          {
            "start": { "line": 65, "column": 4 },
            "end": { "line": 67, "column": null }
          }
        ]
      },
      "6": {
        "loc": {
          "start": { "line": 89, "column": 8 },
          "end": { "line": 94, "column": null }
        },
        "type": "if",
        "locations": [
          {
            "start": { "line": 89, "column": 8 },
            "end": { "line": 94, "column": null }
          },
          {
            "start": { "line": 89, "column": 8 },
            "end": { "line": 94, "column": null }
          }
        ]
      },
      "7": {
        "loc": {
          "start": { "line": 108, "column": 10 },
          "end": { "line": 116, "column": null }
        },
        "type": "if",
        "locations": [
          {
            "start": { "line": 108, "column": 10 },
            "end": { "line": 116, "column": null }
          },
          {
            "start": { "line": 108, "column": 10 },
            "end": { "line": 116, "column": null }
          }
        ]
      },
      "8": {
        "loc": {
          "start": { "line": 113, "column": 12 },
          "end": { "line": 115, "column": null }
        },
        "type": "if",
        "locations": [
          {
            "start": { "line": 113, "column": 12 },
            "end": { "line": 115, "column": null }
          },
          {
            "start": { "line": 113, "column": 12 },
            "end": { "line": 115, "column": null }
          }
        ]
      },
      "9": {
        "loc": {
          "start": { "line": 129, "column": 8 },
          "end": { "line": 136, "column": null }
        },
        "type": "if",
        "locations": [
          {
            "start": { "line": 129, "column": 8 },
            "end": { "line": 136, "column": null }
          },
          {
            "start": { "line": 129, "column": 8 },
            "end": { "line": 136, "column": null }
          }
        ]
      },
      "10": {
        "loc": {
          "start": { "line": 131, "column": 15 },
          "end": { "line": 136, "column": null }
        },
        "type": "if",
        "locations": [
          {
            "start": { "line": 131, "column": 15 },
            "end": { "line": 136, "column": null }
          },
          {
            "start": { "line": 131, "column": 15 },
            "end": { "line": 136, "column": null }
          }
        ]
      },
      "11": {
        "loc": {
          "start": { "line": 161, "column": 6 },
          "end": { "line": 163, "column": null }
        },
        "type": "if",
        "locations": [
          {
            "start": { "line": 161, "column": 6 },
            "end": { "line": 163, "column": null }
          },
          {
            "start": { "line": 161, "column": 6 },
            "end": { "line": 163, "column": null }
          }
        ]
      },
      "12": {
        "loc": {
          "start": { "line": 167, "column": 8 },
          "end": { "line": 190, "column": null }
        },
        "type": "if",
        "locations": [
          {
            "start": { "line": 167, "column": 8 },
            "end": { "line": 190, "column": null }
          },
          {
            "start": { "line": 167, "column": 8 },
            "end": { "line": 190, "column": null }
          }
        ]
      },
      "13": {
        "loc": {
          "start": { "line": 169, "column": 10 },
          "end": { "line": 172, "column": null }
        },
        "type": "if",
        "locations": [
          {
            "start": { "line": 169, "column": 10 },
            "end": { "line": 172, "column": null }
          },
          {
            "start": { "line": 169, "column": 10 },
            "end": { "line": 172, "column": null }
          }
        ]
      },
      "14": {
        "loc": {
          "start": { "line": 184, "column": 21 },
          "end": { "line": 184, "column": 32 }
        },
        "type": "binary-expr",
        "locations": [
          {
            "start": { "line": 184, "column": 21 },
            "end": { "line": 184, "column": 32 }
          },
          {
            "start": { "line": 184, "column": 36 },
            "end": { "line": 184, "column": 45 }
          }
        ]
      },
      "15": {
        "loc": {
          "start": { "line": 185, "column": 18 },
          "end": { "line": 185, "column": 26 }
        },
        "type": "binary-expr",
        "locations": [
          {
            "start": { "line": 185, "column": 18 },
            "end": { "line": 185, "column": 26 }
          },
          {
            "start": { "line": 185, "column": 30 },
            "end": { "line": 185, "column": 38 }
          }
        ]
      },
      "16": {
        "loc": {
          "start": { "line": 192, "column": 8 },
          "end": { "line": 194, "column": null }
        },
        "type": "if",
        "locations": [
          {
            "start": { "line": 192, "column": 8 },
            "end": { "line": 194, "column": null }
          },
          {
            "start": { "line": 192, "column": 8 },
            "end": { "line": 194, "column": null }
          }
        ]
      },
      "17": {
        "loc": {
          "start": { "line": 195, "column": 8 },
          "end": { "line": 200, "column": null }
        },
        "type": "if",
        "locations": [
          {
            "start": { "line": 195, "column": 8 },
            "end": { "line": 200, "column": null }
          },
          {
            "start": { "line": 195, "column": 8 },
            "end": { "line": 200, "column": null }
          }
        ]
      },
      "18": {
        "loc": {
          "start": { "line": 210, "column": 13 },
          "end": { "line": 210, "column": 32 }
        },
        "type": "binary-expr",
        "locations": [
          {
            "start": { "line": 210, "column": 13 },
            "end": { "line": 210, "column": 32 }
          },
          {
            "start": { "line": 210, "column": 36 },
            "end": { "line": 210, "column": 61 }
          }
        ]
      },
      "19": {
        "loc": {
          "start": { "line": 221, "column": 8 },
          "end": { "line": 249, "column": null }
        },
        "type": "if",
        "locations": [
          {
            "start": { "line": 221, "column": 8 },
            "end": { "line": 249, "column": null }
          },
          {
            "start": { "line": 221, "column": 8 },
            "end": { "line": 249, "column": null }
          }
        ]
      },
      "20": {
        "loc": {
          "start": { "line": 226, "column": 14 },
          "end": { "line": 228, "column": null }
        },
        "type": "if",
        "locations": [
          {
            "start": { "line": 226, "column": 14 },
            "end": { "line": 228, "column": null }
          },
          {
            "start": { "line": 226, "column": 14 },
            "end": { "line": 228, "column": null }
          }
        ]
      },
      "21": {
        "loc": {
          "start": { "line": 234, "column": 12 },
          "end": { "line": 236, "column": null }
        },
        "type": "if",
        "locations": [
          {
            "start": { "line": 234, "column": 12 },
            "end": { "line": 236, "column": null }
          },
          {
            "start": { "line": 234, "column": 12 },
            "end": { "line": 236, "column": null }
          }
        ]
      },
      "22": {
        "loc": {
          "start": { "line": 239, "column": 32 },
          "end": { "line": 239, "column": 55 }
        },
        "type": "cond-expr",
        "locations": [
          {
            "start": { "line": 239, "column": 32 },
            "end": { "line": 239, "column": 55 }
          },
          {
            "start": { "line": 239, "column": 58 },
            "end": { "line": 239, "column": 63 }
          }
        ]
      },
      "23": {
        "loc": {
          "start": { "line": 241, "column": 39 },
          "end": { "line": 241, "column": 62 }
        },
        "type": "cond-expr",
        "locations": [
          {
            "start": { "line": 241, "column": 39 },
            "end": { "line": 241, "column": 62 }
          },
          {
            "start": { "line": 241, "column": 65 },
            "end": { "line": 241, "column": 70 }
          }
        ]
      },
      "24": {
        "loc": {
          "start": { "line": 242, "column": 29 },
          "end": { "line": 242, "column": 39 }
        },
        "type": "binary-expr",
        "locations": [
          {
            "start": { "line": 242, "column": 29 },
            "end": { "line": 242, "column": 39 }
          },
          {
            "start": { "line": 242, "column": 43 },
            "end": { "line": 242, "column": 60 }
          }
        ]
      },
      "25": {
        "loc": {
          "start": { "line": 245, "column": 10 },
          "end": { "line": 247, "column": null }
        },
        "type": "if",
        "locations": [
          {
            "start": { "line": 245, "column": 10 },
            "end": { "line": 247, "column": null }
          },
          {
            "start": { "line": 245, "column": 10 },
            "end": { "line": 247, "column": null }
          }
        ]
      },
      "26": {
        "loc": {
          "start": { "line": 257, "column": 8 },
          "end": { "line": 259, "column": null }
        },
        "type": "if",
        "locations": [
          {
            "start": { "line": 257, "column": 8 },
            "end": { "line": 259, "column": null }
          },
          {
            "start": { "line": 257, "column": 8 },
            "end": { "line": 259, "column": null }
          }
        ]
      },
      "27": {
        "loc": {
          "start": { "line": 257, "column": 12 },
          "end": { "line": 257, "column": 22 }
        },
        "type": "binary-expr",
        "locations": [
          {
            "start": { "line": 257, "column": 12 },
            "end": { "line": 257, "column": 22 }
          },
          {
            "start": { "line": 257, "column": 26 },
            "end": { "line": 257, "column": 46 }
          }
        ]
      },
      "28": {
        "loc": {
          "start": { "line": 268, "column": 57 },
          "end": { "line": 268, "column": 62 }
        },
        "type": "default-arg",
        "locations": [
          {
            "start": { "line": 268, "column": 57 },
            "end": { "line": 268, "column": 62 }
          }
        ]
      },
      "29": {
        "loc": {
          "start": { "line": 269, "column": 4 },
          "end": { "line": 271, "column": null }
        },
        "type": "if",
        "locations": [
          {
            "start": { "line": 269, "column": 4 },
            "end": { "line": 271, "column": null }
          },
          {
            "start": { "line": 269, "column": 4 },
            "end": { "line": 271, "column": null }
          }
        ]
      },
      "30": {
        "loc": {
          "start": { "line": 274, "column": 48 },
          "end": { "line": 274, "column": 49 }
        },
        "type": "default-arg",
        "locations": [
          {
            "start": { "line": 274, "column": 48 },
            "end": { "line": 274, "column": 49 }
          }
        ]
      },
      "31": {
        "loc": {
          "start": { "line": 276, "column": 8 },
          "end": { "line": 280, "column": null }
        },
        "type": "if",
        "locations": [
          {
            "start": { "line": 276, "column": 8 },
            "end": { "line": 280, "column": null }
          },
          {
            "start": { "line": 276, "column": 8 },
            "end": { "line": 280, "column": null }
          }
        ]
      },
      "32": {
        "loc": {
          "start": { "line": 276, "column": 12 },
          "end": { "line": 276, "column": 27 }
        },
        "type": "binary-expr",
        "locations": [
          {
            "start": { "line": 276, "column": 12 },
            "end": { "line": 276, "column": 27 }
          },
          {
            "start": { "line": 276, "column": 31 },
            "end": { "line": 276, "column": 45 }
          }
        ]
      },
      "33": {
        "loc": {
          "start": { "line": 278, "column": 24 },
          "end": { "line": 278, "column": 43 }
        },
        "type": "cond-expr",
        "locations": [
          {
            "start": { "line": 278, "column": 24 },
            "end": { "line": 278, "column": 43 }
          },
          {
            "start": { "line": 278, "column": 46 },
            "end": { "line": 278, "column": null }
          }
        ]
      },
      "34": {
        "loc": {
          "start": { "line": 279, "column": 31 },
          "end": { "line": 279, "column": 49 }
        },
        "type": "cond-expr",
        "locations": [
          {
            "start": { "line": 279, "column": 31 },
            "end": { "line": 279, "column": 49 }
          },
          {
            "start": { "line": 279, "column": 52 },
            "end": { "line": 279, "column": 54 }
          }
        ]
      }
    },
    "s": {
      "0": 1,
      "1": 1,
      "2": 1,
      "3": 1,
      "4": 1,
      "5": 1,
      "6": 1,
      "7": 1,
      "8": 4,
      "9": 4,
      "10": 4,
      "11": 1,
      "12": 2,
      "13": 2,
      "14": 2,
      "15": 2,
      "16": 2,
      "17": 2,
      "18": 2,
      "19": 1,
      "20": 1,
      "21": 1,
      "22": 1,
      "23": 1,
      "24": 1,
      "25": 1,
      "26": 0,
      "27": 1,
      "28": 1,
      "29": 1,
      "30": 1,
      "31": 1,
      "32": 0,
      "33": 1,
      "34": 1,
      "35": 1,
      "36": 1,
      "37": 1,
      "38": 1,
      "39": 1,
      "40": 1,
      "41": 1,
      "42": 0,
      "43": 0,
      "44": 0,
      "45": 0,
      "46": 1,
      "47": 0,
      "48": 0,
      "49": 1,
      "50": 1,
      "51": 1,
      "52": 3,
      "53": 7,
      "54": 7,
      "55": 210,
      "56": 7,
      "57": 123,
      "58": 7,
      "59": 2,
      "60": 1,
      "61": 2,
      "62": 1,
      "63": 1,
      "64": 1,
      "65": 2,
      "66": 1,
      "67": 125,
      "68": 25,
      "69": 100,
      "70": 100,
      "71": 100,
      "72": 1,
      "73": 0,
      "74": 0,
      "75": 0,
      "76": 0,
      "77": 0,
      "78": 0,
      "79": 0,
      "80": 1,
      "81": 1,
      "82": 1,
      "83": 1,
      "84": 1,
      "85": 1419,
      "86": 0,
      "87": 1419,
      "88": 1418,
      "89": 1418,
      "90": 16,
      "91": 123,
      "92": 16,
      "93": 0,
      "94": 0,
      "95": 16,
      "96": 1402,
      "97": 1418,
      "98": 1418,
      "99": 1411,
      "100": 1418,
      "101": 20,
      "102": 20,
      "103": 1398,
      "104": 1,
      "105": 1,
      "106": 1,
      "107": 2,
      "108": 41308,
      "109": 2,
      "110": 1420,
      "111": 2,
      "112": 1420,
      "113": 2,
      "114": 2,
      "115": 1391,
      "116": 13317,
      "117": 1413,
      "118": 6001,
      "119": 6001,
      "120": 4836,
      "121": 1165,
      "122": 6001,
      "123": 6001,
      "124": 41308,
      "125": 261,
      "126": 5740,
      "127": 1413,
      "128": 1413,
      "129": 1413,
      "130": 1389,
      "131": 1413,
      "132": 2,
      "133": 2,
      "134": 1427,
      "135": 1425,
      "136": 1148,
      "137": 1425,
      "138": 2,
      "139": 2,
      "140": 2,
      "141": 1,
      "142": 0,
      "143": 1,
      "144": 1,
      "145": 2,
      "146": 1,
      "147": 8,
      "148": 7,
      "149": 7,
      "150": 7,
      "151": 1,
      "152": 1,
      "153": 1
    },
    "f": {
      "0": 4,
      "1": 1,
      "2": 2,
      "3": 2,
      "4": 2,
      "5": 2,
      "6": 1,
      "7": 1,
      "8": 1,
      "9": 1,
      "10": 1,
      "11": 0,
      "12": 0,
      "13": 3,
      "14": 210,
      "15": 123,
      "16": 2,
      "17": 2,
      "18": 125,
      "19": 0,
      "20": 0,
      "21": 0,
      "22": 0,
      "23": 1,
      "24": 1419,
      "25": 123,
      "26": 2,
      "27": 41308,
      "28": 1420,
      "29": 1420,
      "30": 1391,
      "31": 6001,
      "32": 6001,
      "33": 41308,
      "34": 1427,
      "35": 1,
      "36": 2,
      "37": 8
    },
    "b": {
      "0": [2, 0],
      "1": [1, 1],
      "2": [1, 0],
      "3": [0, 1],
      "4": [1, 0],
      "5": [0, 1],
      "6": [0, 0],
      "7": [7, 0],
      "8": [2, 5],
      "9": [25, 100],
      "10": [100, 0],
      "11": [0, 1419],
      "12": [16, 1402],
      "13": [0, 16],
      "14": [1402, 0],
      "15": [1402, 1398],
      "16": [1411, 7],
      "17": [20, 1398],
      "18": [41308, 309],
      "19": [1413, 11904],
      "20": [4836, 1165],
      "21": [261, 5740],
      "22": [4590, 1150],
      "23": [1411, 2],
      "24": [1413, 1411],
      "25": [1389, 24],
      "26": [1148, 277],
      "27": [1425, 1411],
      "28": [1],
      "29": [0, 1],
      "30": [1],
      "31": [7, 0],
      "32": [7, 7],
      "33": [2, 5],
      "34": [0, 7]
    }
  }
}
