TN:
SF:scripts/package/packagr.ts
FN:27,(anonymous_1)
FN:33,(anonymous_2)
FN:38,(anonymous_3)
FN:42,(anonymous_4)
FN:46,(anonymous_5)
FN:46,(anonymous_6)
FN:52,(anonymous_7)
FN:53,(anonymous_8)
FN:56,(anonymous_9)
FN:70,(anonymous_10)
FN:79,(anonymous_11)
FN:88,(anonymous_12)
FN:97,(anonymous_13)
FN:106,(anonymous_14)
FN:110,(anonymous_15)
FN:112,(anonymous_16)
FN:119,(anonymous_17)
FN:123,(anonymous_18)
FN:127,(anonymous_19)
FN:142,(anonymous_20)
FN:143,(anonymous_21)
FN:148,(anonymous_22)
FN:149,(anonymous_23)
FN:155,(anonymous_24)
FN:160,(anonymous_25)
FN:168,(anonymous_26)
FN:208,(anonymous_27)
FN:209,(anonymous_28)
FN:212,(anonymous_29)
FN:213,(anonymous_30)
FN:217,(anonymous_31)
FN:222,(anonymous_32)
FN:224,(anonymous_33)
FN:234,(anonymous_34)
FN:255,(anonymous_35)
FN:268,(anonymous_36)
FN:273,(anonymous_37)
FN:274,(anonymous_38)
FNF:38
FNH:32
FNDA:4,(anonymous_1)
FNDA:1,(anonymous_2)
FNDA:2,(anonymous_3)
FNDA:2,(anonymous_4)
FNDA:2,(anonymous_5)
FNDA:2,(anonymous_6)
FNDA:1,(anonymous_7)
FNDA:1,(anonymous_8)
FNDA:1,(anonymous_9)
FNDA:1,(anonymous_10)
FNDA:1,(anonymous_11)
FNDA:0,(anonymous_12)
FNDA:0,(anonymous_13)
FNDA:3,(anonymous_14)
FNDA:210,(anonymous_15)
FNDA:123,(anonymous_16)
FNDA:2,(anonymous_17)
FNDA:2,(anonymous_18)
FNDA:125,(anonymous_19)
FNDA:0,(anonymous_20)
FNDA:0,(anonymous_21)
FNDA:0,(anonymous_22)
FNDA:0,(anonymous_23)
FNDA:1,(anonymous_24)
FNDA:1419,(anonymous_25)
FNDA:123,(anonymous_26)
FNDA:2,(anonymous_27)
FNDA:41308,(anonymous_28)
FNDA:1420,(anonymous_29)
FNDA:1420,(anonymous_30)
FNDA:1391,(anonymous_31)
FNDA:6001,(anonymous_32)
FNDA:6001,(anonymous_33)
FNDA:41308,(anonymous_34)
FNDA:1427,(anonymous_35)
FNDA:1,(anonymous_36)
FNDA:2,(anonymous_37)
FNDA:8,(anonymous_38)
DA:1,1
DA:2,1
DA:3,1
DA:4,1
DA:5,1
DA:6,1
DA:7,1
DA:8,1
DA:22,1
DA:28,4
DA:29,4
DA:30,4
DA:34,1
DA:39,2
DA:43,2
DA:44,2
DA:45,2
DA:46,2
DA:48,2
DA:49,1
DA:50,1
DA:52,1
DA:53,1
DA:57,1
DA:58,0
DA:60,1
DA:61,1
DA:63,1
DA:64,1
DA:65,1
DA:66,0
DA:68,1
DA:70,1
DA:71,1
DA:73,1
DA:75,1
DA:79,1
DA:80,1
DA:85,1
DA:88,1
DA:89,0
DA:90,0
DA:92,0
DA:93,0
DA:97,1
DA:98,0
DA:99,0
DA:102,1
DA:104,1
DA:106,1
DA:107,3
DA:108,7
DA:109,7
DA:110,210
DA:112,123
DA:113,7
DA:114,2
DA:119,2
DA:120,1
DA:122,1
DA:123,1
DA:124,2
DA:127,1
DA:129,125
DA:130,25
DA:131,100
DA:132,100
DA:133,100
DA:138,1
DA:143,0
DA:144,0
DA:147,0
DA:148,0
DA:149,0
DA:150,0
DA:156,1
DA:157,1
DA:158,1
DA:159,1
DA:160,1
DA:161,1419
DA:162,0
DA:164,1419
DA:165,1418
DA:167,1418
DA:168,123
DA:169,16
DA:170,0
DA:171,0
DA:173,16
DA:182,1402
DA:191,1418
DA:192,1418
DA:193,1411
DA:195,1418
DA:196,20
DA:197,20
DA:199,1398
DA:203,1
DA:204,1
DA:205,1
DA:209,2
DA:210,41308
DA:212,1420
DA:213,1420
DA:215,2
DA:217,2
DA:219,1391
DA:221,13317
DA:222,1413
DA:224,6001
DA:226,6001
DA:227,4836
DA:230,1165
DA:232,6001
DA:234,41308
DA:235,261
DA:239,5740
DA:241,1413
DA:242,1413
DA:245,1413
DA:246,1389
DA:248,1413
DA:252,2
DA:255,2
DA:256,1427
DA:257,1425
DA:258,1148
DA:260,1425
DA:263,2
DA:264,2
DA:265,2
DA:269,1
DA:270,0
DA:272,1
DA:273,2
DA:274,1
DA:275,8
DA:276,7
DA:277,7
DA:281,7
DA:284,1
DA:285,1
LF:143
LH:125
BRDA:46,0,0,2
BRDA:46,0,1,0
BRDA:48,1,0,1
BRDA:48,1,1,1
BRDA:52,2,0,1
BRDA:52,2,1,0
BRDA:57,3,0,0
BRDA:57,3,1,1
BRDA:60,4,0,1
BRDA:60,4,1,0
BRDA:65,5,0,0
BRDA:65,5,1,1
BRDA:89,6,0,0
BRDA:89,6,1,0
BRDA:108,7,0,7
BRDA:108,7,1,0
BRDA:113,8,0,2
BRDA:113,8,1,5
BRDA:129,9,0,25
BRDA:129,9,1,100
BRDA:131,10,0,100
BRDA:131,10,1,0
BRDA:161,11,0,0
BRDA:161,11,1,1419
BRDA:167,12,0,16
BRDA:167,12,1,1402
BRDA:169,13,0,0
BRDA:169,13,1,16
BRDA:184,14,0,1402
BRDA:184,14,1,0
BRDA:185,15,0,1402
BRDA:185,15,1,1398
BRDA:192,16,0,1411
BRDA:192,16,1,7
BRDA:195,17,0,20
BRDA:195,17,1,1398
BRDA:210,18,0,41308
BRDA:210,18,1,309
BRDA:221,19,0,1413
BRDA:221,19,1,11904
BRDA:226,20,0,4836
BRDA:226,20,1,1165
BRDA:234,21,0,261
BRDA:234,21,1,5740
BRDA:239,22,0,4590
BRDA:239,22,1,1150
BRDA:241,23,0,1411
BRDA:241,23,1,2
BRDA:242,24,0,1413
BRDA:242,24,1,1411
BRDA:245,25,0,1389
BRDA:245,25,1,24
BRDA:257,26,0,1148
BRDA:257,26,1,277
BRDA:257,27,0,1425
BRDA:257,27,1,1411
BRDA:268,28,0,1
BRDA:269,29,0,0
BRDA:269,29,1,1
BRDA:274,30,0,1
BRDA:276,31,0,7
BRDA:276,31,1,0
BRDA:276,32,0,7
BRDA:276,32,1,7
BRDA:278,33,0,2
BRDA:278,33,1,5
BRDA:279,34,0,0
BRDA:279,34,1,7
BRF:68
BRH:53
end_of_record
